<?xml version="1.0" encoding="UTF-8"?>
<testsuite name="Flight Selection by Price Criteria" tests="5" skipped="0" failures="0" errors="0" timestamp="2025-11-22T11:33:24" hostname="DESKTOP-D502FJE" time="14.323">
  <properties/>
  <testcase name="Select flight by price criteria #1" classname="Flight Selection by Price Criteria" time="5.563"/>
  <testcase name="Select flight by price criteria #2" classname="Flight Selection by Price Criteria" time="1.803"/>
  <testcase name="Select flight by price criteria #3" classname="Flight Selection by Price Criteria" time="2.454"/>
  <testcase name="Select flight by price criteria #4" classname="Flight Selection by Price Criteria" time="2.018"/>
  <testcase name="Select flight by price criteria #5" classname="Flight Selection by Price Criteria" time="2.485"/>
  <system-out><![CDATA[
@blaze_demo @flight_selection @price_criteria
Scenario Outline: Select flight by price criteria          ?[90m# src/test/resources/features/BlazeDemo/SelectFlight.feature:20?[0m
  ?[32mGiven ?[0m?[32mUser opens the booking page?[0m                        ?[90m# co.udea.edu.certification.moduloTest.stepdefinitions.blazeDemoSteps.BlazeDemoStep.userOpensTheBookingPage()?[0m
  ?[32mWhen ?[0m?[32msearches for flights from ?[0m?[32m?[1m"Paris"?[0m?[32m to ?[0m?[32m?[1m"Buenos Aires"?[0m ?[90m# co.udea.edu.certification.moduloTest.stepdefinitions.blazeDemoSteps.BlazeDemoStep.searchesForFlightsFromTo(java.lang.String,java.lang.String)?[0m
  ?[32mAnd ?[0m?[32mselects the flight with the ?[0m?[32m?[1m"lowest"?[0m?[32m price?[0m           ?[90m# co.udea.edu.certification.moduloTest.stepdefinitions.blazeDemoSteps.BlazeDemoStep.selectsTheFlightWithThePrice(java.lang.String)?[0m
  ?[32mThen ?[0m?[32mshould see the details of the selected flight?[0m       ?[90m# co.udea.edu.certification.moduloTest.stepdefinitions.blazeDemoSteps.BlazeDemoStep.shouldSeeTheDetailsOfTheSelectedFlight()?[0m

@blaze_demo @flight_selection @price_criteria
Scenario Outline: Select flight by price criteria          ?[90m# src/test/resources/features/BlazeDemo/SelectFlight.feature:21?[0m
  ?[32mGiven ?[0m?[32mUser opens the booking page?[0m                        ?[90m# co.udea.edu.certification.moduloTest.stepdefinitions.blazeDemoSteps.BlazeDemoStep.userOpensTheBookingPage()?[0m
  ?[32mWhen ?[0m?[32msearches for flights from ?[0m?[32m?[1m"Paris"?[0m?[32m to ?[0m?[32m?[1m"Buenos Aires"?[0m ?[90m# co.udea.edu.certification.moduloTest.stepdefinitions.blazeDemoSteps.BlazeDemoStep.searchesForFlightsFromTo(java.lang.String,java.lang.String)?[0m
  ?[32mAnd ?[0m?[32mselects the flight with the ?[0m?[32m?[1m"highest"?[0m?[32m price?[0m          ?[90m# co.udea.edu.certification.moduloTest.stepdefinitions.blazeDemoSteps.BlazeDemoStep.selectsTheFlightWithThePrice(java.lang.String)?[0m
  ?[32mThen ?[0m?[32mshould see the details of the selected flight?[0m       ?[90m# co.udea.edu.certification.moduloTest.stepdefinitions.blazeDemoSteps.BlazeDemoStep.shouldSeeTheDetailsOfTheSelectedFlight()?[0m

@blaze_demo @flight_selection @price_criteria
Scenario Outline: Select flight by price criteria         ?[90m# src/test/resources/features/BlazeDemo/SelectFlight.feature:22?[0m
  ?[32mGiven ?[0m?[32mUser opens the booking page?[0m                       ?[90m# co.udea.edu.certification.moduloTest.stepdefinitions.blazeDemoSteps.BlazeDemoStep.userOpensTheBookingPage()?[0m
  ?[32mWhen ?[0m?[32msearches for flights from ?[0m?[32m?[1m"Philadelphia"?[0m?[32m to ?[0m?[32m?[1m"Rome"?[0m ?[90m# co.udea.edu.certification.moduloTest.stepdefinitions.blazeDemoSteps.BlazeDemoStep.searchesForFlightsFromTo(java.lang.String,java.lang.String)?[0m
  ?[32mAnd ?[0m?[32mselects the flight with the ?[0m?[32m?[1m"lowest"?[0m?[32m price?[0m          ?[90m# co.udea.edu.certification.moduloTest.stepdefinitions.blazeDemoSteps.BlazeDemoStep.selectsTheFlightWithThePrice(java.lang.String)?[0m
  ?[32mThen ?[0m?[32mshould see the details of the selected flight?[0m      ?[90m# co.udea.edu.certification.moduloTest.stepdefinitions.blazeDemoSteps.BlazeDemoStep.shouldSeeTheDetailsOfTheSelectedFlight()?[0m

@blaze_demo @flight_selection @price_criteria
Scenario Outline: Select flight by price criteria     ?[90m# src/test/resources/features/BlazeDemo/SelectFlight.feature:23?[0m
  ?[32mGiven ?[0m?[32mUser opens the booking page?[0m                   ?[90m# co.udea.edu.certification.moduloTest.stepdefinitions.blazeDemoSteps.BlazeDemoStep.userOpensTheBookingPage()?[0m
  ?[32mWhen ?[0m?[32msearches for flights from ?[0m?[32m?[1m"Boston"?[0m?[32m to ?[0m?[32m?[1m"London"?[0m ?[90m# co.udea.edu.certification.moduloTest.stepdefinitions.blazeDemoSteps.BlazeDemoStep.searchesForFlightsFromTo(java.lang.String,java.lang.String)?[0m
  ?[32mAnd ?[0m?[32mselects the flight with the ?[0m?[32m?[1m"highest"?[0m?[32m price?[0m     ?[90m# co.udea.edu.certification.moduloTest.stepdefinitions.blazeDemoSteps.BlazeDemoStep.selectsTheFlightWithThePrice(java.lang.String)?[0m
  ?[32mThen ?[0m?[32mshould see the details of the selected flight?[0m  ?[90m# co.udea.edu.certification.moduloTest.stepdefinitions.blazeDemoSteps.BlazeDemoStep.shouldSeeTheDetailsOfTheSelectedFlight()?[0m

@blaze_demo @flight_selection @price_criteria
Scenario Outline: Select flight by price criteria          ?[90m# src/test/resources/features/BlazeDemo/SelectFlight.feature:24?[0m
  ?[32mGiven ?[0m?[32mUser opens the booking page?[0m                        ?[90m# co.udea.edu.certification.moduloTest.stepdefinitions.blazeDemoSteps.BlazeDemoStep.userOpensTheBookingPage()?[0m
  ?[32mWhen ?[0m?[32msearches for flights from ?[0m?[32m?[1m"Mexico City"?[0m?[32m to ?[0m?[32m?[1m"Berlin"?[0m ?[90m# co.udea.edu.certification.moduloTest.stepdefinitions.blazeDemoSteps.BlazeDemoStep.searchesForFlightsFromTo(java.lang.String,java.lang.String)?[0m
  ?[32mAnd ?[0m?[32mselects the flight with the ?[0m?[32m?[1m"lowest"?[0m?[32m price?[0m           ?[90m# co.udea.edu.certification.moduloTest.stepdefinitions.blazeDemoSteps.BlazeDemoStep.selectsTheFlightWithThePrice(java.lang.String)?[0m
  ?[32mThen ?[0m?[32mshould see the details of the selected flight?[0m       ?[90m# co.udea.edu.certification.moduloTest.stepdefinitions.blazeDemoSteps.BlazeDemoStep.shouldSeeTheDetailsOfTheSelectedFlight()?[0m
]]></system-out>
  <system-err><![CDATA[[Test worker] INFO  - 
  _____   ___   ___   _____     ___   _____     _     ___   _____   ___   ___  
 |_   _| | __| / __| |_   _|   / __| |_   _|   /_\   | _ \ |_   _| | __| |   \ 
   | |   | _|  \__ \   | |     \__ \   | |    / _ \  |   /   | |   | _|  | |) |
   |_|   |___| |___/   |_|     |___/   |_|   /_/ \_\ |_|_\   |_|   |___| |___/ 

Select flight by price criteria(flight-selection-by-price-criteria;select-flight-by-price-criteria)
--------------------------------------------------------------------------------
[Test worker] INFO  - ?[92m|---------------------------------------------------------------------------------- 1: Select flight by price criteria ({origin=Paris, destination=Buenos Aires, price_criteria=lowest})?[0m
[Test worker] INFO  - ?[92m|------------------------------------------------------------------------------------ Given User opens the booking page?[0m
[Test worker] INFO  - ?[92m|-------------------------------------------------------------------------------------- Customer navigates to Sauce Demo?[0m
[Test worker] INFO  - ?[92m|---------------------------------------------------------------------------------------- Customer opens the browser at https://blazedemo.com/?[0m
[Test worker] INFO net.serenitybdd.core.webdriver.driverproviders.ChromeDriverProvider - Starting Chrome driver instance with capabilities:
[Test worker] INFO net.serenitybdd.core.webdriver.driverproviders.ChromeDriverProvider - Capabilities {acceptInsecureCerts: true, browserName: chrome, goog:chromeOptions: {args: [--start-maximized, --test-type, --no-sandbox, --ignore-certificate-errors, \n                   --disa..., --disable-default-apps, --disable-extensions-file-a..., \n                   --inco..., --disable-infobars,--disabl..., --remote-allow-origins=*], extensions: []}}
nov. 22, 2025 6:33:25 A. M. org.openqa.selenium.devtools.CdpVersionFinder findNearestMatch
WARNING: Unable to find CDP implementation matching 142
nov. 22, 2025 6:33:25 A. M. org.openqa.selenium.chromium.ChromiumDriver lambda$new$5
WARNING: Unable to find version of CDP to use for 142.0.7444.176. You may need to include a dependency on a specific version of the CDP using something similar to `org.seleniumhq.selenium:selenium-devtools-v86:4.16.1` where the version ("v86") matches the version of the chromium-based browser you're using and the version number of the artifact is the same as Selenium's.
[Test worker] INFO net.serenitybdd.core.webdriver.driverproviders.ChromeDriverProvider - Starting Chrome driver instance with capabilities:
[Test worker] INFO net.serenitybdd.core.webdriver.driverproviders.ChromeDriverProvider - Capabilities {acceptInsecureCerts: true, browserName: chrome, goog:chromeOptions: {args: [--start-maximized, --test-type, --no-sandbox, --ignore-certificate-errors, \n                   --disa..., --disable-default-apps, --disable-extensions-file-a..., \n                   --inco..., --disable-infobars,--disabl..., --remote-allow-origins=*], extensions: []}}
nov. 22, 2025 6:33:28 A. M. org.openqa.selenium.devtools.CdpVersionFinder findNearestMatch
WARNING: Unable to find CDP implementation matching 142
nov. 22, 2025 6:33:28 A. M. org.openqa.selenium.chromium.ChromiumDriver lambda$new$5
WARNING: Unable to find version of CDP to use for 142.0.7444.176. You may need to include a dependency on a specific version of the CDP using something similar to `org.seleniumhq.selenium:selenium-devtools-v86:4.16.1` where the version ("v86") matches the version of the chromium-based browser you're using and the version number of the artifact is the same as Selenium's.
[Test worker] INFO  - ?[92m|------------------------------------------------------------------------------------ When searches for flights from "Paris" to "Buenos Aires"?[0m
[Test worker] INFO  - ?[92m|-------------------------------------------------------------------------------------- Customer select dropdown value?[0m
[Test worker] INFO  - ?[92m|---------------------------------------------------------------------------------------- Customer selects Paris on origin field?[0m
[Test worker] INFO  - ?[92m|-------------------------------------------------------------------------------------- Customer select dropdown value?[0m
[Test worker] INFO  - ?[92m|---------------------------------------------------------------------------------------- Customer selects Buenos Aires on destination field?[0m
[Test worker] INFO  - ?[92m|-------------------------------------------------------------------------------------- Customer clicks?[0m
[Test worker] INFO  - ?[92m|---------------------------------------------------------------------------------------- Customer clicks on find flights button?[0m
[Test worker] INFO  - ?[92m|------------------------------------------------------------------------------------ And selects the flight with the "lowest" price?[0m
[Test worker] INFO  - ?[92m|-------------------------------------------------------------------------------------- Customer clicks?[0m
[Test worker] INFO  - ?[92m|---------------------------------------------------------------------------------------- Customer clicks on BotÃ³n seleccionar vuelo 3?[0m
[Test worker] INFO  - ?[92m|------------------------------------------------------------------------------------ Then should see the details of the selected flight?[0m
[Test worker] INFO  - ?[92m|-------------------------------------------------------------------------------------- Then detalle de vuelo?[0m
[Test worker] INFO  - ?[92m
  _____   ___   ___   _____     ___     _     ___   ___   ___   ___  
 |_   _| | __| / __| |_   _|   | _ \   /_\   / __| / __| | __| |   \ 
   | |   | _|  \__ \   | |     |  _/  / _ \  \__ \ \__ \ | _|  | |) |
   |_|   |___| |___/   |_|     |_|   /_/ \_\ |___/ |___/ |___| |___/ 

Select flight by price criteria
----------------------------------------------------------------------?[0m
[Test worker] INFO  - ?[92m|---------------------------------------------------------------------------------- 2: Select flight by price criteria ({origin=Paris, destination=Buenos Aires, price_criteria=highest})?[0m
[Test worker] INFO  - ?[92m|------------------------------------------------------------------------------------ Given User opens the booking page?[0m
[Test worker] INFO  - ?[92m|-------------------------------------------------------------------------------------- Customer navigates to Sauce Demo?[0m
[Test worker] INFO  - ?[92m|---------------------------------------------------------------------------------------- Customer opens the browser at https://blazedemo.com/?[0m
[Test worker] INFO  - ?[92m|------------------------------------------------------------------------------------ When searches for flights from "Paris" to "Buenos Aires"?[0m
[Test worker] INFO  - ?[92m|-------------------------------------------------------------------------------------- Customer select dropdown value?[0m
[Test worker] INFO  - ?[92m|---------------------------------------------------------------------------------------- Customer selects Paris on origin field?[0m
[Test worker] INFO  - ?[92m|-------------------------------------------------------------------------------------- Customer select dropdown value?[0m
[Test worker] INFO  - ?[92m|---------------------------------------------------------------------------------------- Customer selects Buenos Aires on destination field?[0m
[Test worker] INFO  - ?[92m|-------------------------------------------------------------------------------------- Customer clicks?[0m
[Test worker] INFO  - ?[92m|---------------------------------------------------------------------------------------- Customer clicks on find flights button?[0m
[Test worker] INFO  - ?[92m|------------------------------------------------------------------------------------ And selects the flight with the "highest" price?[0m
[Test worker] INFO  - ?[92m|-------------------------------------------------------------------------------------- Customer clicks?[0m
[Test worker] INFO  - ?[92m|---------------------------------------------------------------------------------------- Customer clicks on BotÃ³n seleccionar vuelo 4?[0m
[Test worker] INFO  - ?[92m|------------------------------------------------------------------------------------ Then should see the details of the selected flight?[0m
[Test worker] INFO  - ?[92m|-------------------------------------------------------------------------------------- Then detalle de vuelo?[0m
[Test worker] INFO  - ?[92m
  _____   ___   ___   _____     ___     _     ___   ___   ___   ___  
 |_   _| | __| / __| |_   _|   | _ \   /_\   / __| / __| | __| |   \ 
   | |   | _|  \__ \   | |     |  _/  / _ \  \__ \ \__ \ | _|  | |) |
   |_|   |___| |___/   |_|     |_|   /_/ \_\ |___/ |___/ |___| |___/ 

Select flight by price criteria
----------------------------------------------------------------------?[0m
[Test worker] INFO  - ?[92m|---------------------------------------------------------------------------------- 3: Select flight by price criteria ({origin=Philadelphia, destination=Rome, price_criteria=lowest})?[0m
[Test worker] INFO  - ?[92m|------------------------------------------------------------------------------------ Given User opens the booking page?[0m
[Test worker] INFO  - ?[92m|-------------------------------------------------------------------------------------- Customer navigates to Sauce Demo?[0m
[Test worker] INFO  - ?[92m|---------------------------------------------------------------------------------------- Customer opens the browser at https://blazedemo.com/?[0m
[Test worker] INFO  - ?[92m|------------------------------------------------------------------------------------ When searches for flights from "Philadelphia" to "Rome"?[0m
[Test worker] INFO  - ?[92m|-------------------------------------------------------------------------------------- Customer select dropdown value?[0m
[Test worker] INFO  - ?[92m|---------------------------------------------------------------------------------------- Customer selects Philadelphia on origin field?[0m
[Test worker] INFO  - ?[92m|-------------------------------------------------------------------------------------- Customer select dropdown value?[0m
[Test worker] INFO  - ?[92m|---------------------------------------------------------------------------------------- Customer selects Rome on destination field?[0m
[Test worker] INFO  - ?[92m|-------------------------------------------------------------------------------------- Customer clicks?[0m
[Test worker] INFO  - ?[92m|---------------------------------------------------------------------------------------- Customer clicks on find flights button?[0m
[Test worker] INFO  - ?[92m|------------------------------------------------------------------------------------ And selects the flight with the "lowest" price?[0m
[Test worker] INFO  - ?[92m|-------------------------------------------------------------------------------------- Customer clicks?[0m
[Test worker] INFO  - ?[92m|---------------------------------------------------------------------------------------- Customer clicks on BotÃ³n seleccionar vuelo 3?[0m
[Test worker] INFO  - ?[92m|------------------------------------------------------------------------------------ Then should see the details of the selected flight?[0m
[Test worker] INFO  - ?[92m|-------------------------------------------------------------------------------------- Then detalle de vuelo?[0m
[Test worker] INFO  - ?[92m|---------------------------------------------------------------------------------- 4: Select flight by price criteria ({origin=Boston, destination=London, price_criteria=highest})?[0m
[Test worker] INFO  - ?[92m|------------------------------------------------------------------------------------ Given User opens the booking page?[0m
[Test worker] INFO  - ?[92m|-------------------------------------------------------------------------------------- Customer navigates to Sauce Demo?[0m
[Test worker] INFO  - ?[92m|---------------------------------------------------------------------------------------- Customer opens the browser at https://blazedemo.com/?[0m
[Test worker] INFO  - ?[92m|------------------------------------------------------------------------------------ When searches for flights from "Boston" to "London"?[0m
[Test worker] INFO  - ?[92m|-------------------------------------------------------------------------------------- Customer select dropdown value?[0m
[Test worker] INFO  - ?[92m|---------------------------------------------------------------------------------------- Customer selects Boston on origin field?[0m
[Test worker] INFO  - ?[92m|-------------------------------------------------------------------------------------- Customer select dropdown value?[0m
[Test worker] INFO  - ?[92m|---------------------------------------------------------------------------------------- Customer selects London on destination field?[0m
[Test worker] INFO  - ?[92m|-------------------------------------------------------------------------------------- Customer clicks?[0m
[Test worker] INFO  - ?[92m|---------------------------------------------------------------------------------------- Customer clicks on find flights button?[0m
[Test worker] INFO  - ?[92m|------------------------------------------------------------------------------------ And selects the flight with the "highest" price?[0m
[Test worker] INFO  - ?[92m|-------------------------------------------------------------------------------------- Customer clicks?[0m
[Test worker] INFO  - ?[92m|---------------------------------------------------------------------------------------- Customer clicks on BotÃ³n seleccionar vuelo 4?[0m
[Test worker] INFO  - ?[92m|------------------------------------------------------------------------------------ Then should see the details of the selected flight?[0m
[Test worker] INFO  - ?[92m|-------------------------------------------------------------------------------------- Then detalle de vuelo?[0m
[Test worker] INFO  - ?[92m|---------------------------------------------------------------------------------- 5: Select flight by price criteria ({origin=Mexico City, destination=Berlin, price_criteria=lowest})?[0m
[Test worker] INFO  - ?[92m|------------------------------------------------------------------------------------ Given User opens the booking page?[0m
[Test worker] INFO  - ?[92m|-------------------------------------------------------------------------------------- Customer navigates to Sauce Demo?[0m
[Test worker] INFO  - ?[92m|---------------------------------------------------------------------------------------- Customer opens the browser at https://blazedemo.com/?[0m
[Test worker] INFO  - ?[92m|------------------------------------------------------------------------------------ When searches for flights from "Mexico City" to "Berlin"?[0m
[Test worker] INFO  - ?[92m|-------------------------------------------------------------------------------------- Customer select dropdown value?[0m
[Test worker] INFO  - ?[92m|---------------------------------------------------------------------------------------- Customer selects Mexico City on origin field?[0m
[Test worker] INFO  - ?[92m|-------------------------------------------------------------------------------------- Customer select dropdown value?[0m
[Test worker] INFO  - ?[92m|---------------------------------------------------------------------------------------- Customer selects Berlin on destination field?[0m
[Test worker] INFO  - ?[92m|-------------------------------------------------------------------------------------- Customer clicks?[0m
[Test worker] INFO  - ?[92m|---------------------------------------------------------------------------------------- Customer clicks on find flights button?[0m
[Test worker] INFO  - ?[92m|------------------------------------------------------------------------------------ And selects the flight with the "lowest" price?[0m
[Test worker] INFO  - ?[92m|-------------------------------------------------------------------------------------- Customer clicks?[0m
[Test worker] INFO  - ?[92m|---------------------------------------------------------------------------------------- Customer clicks on BotÃ³n seleccionar vuelo 3?[0m
[Test worker] INFO  - ?[92m|------------------------------------------------------------------------------------ Then should see the details of the selected flight?[0m
[Test worker] INFO  - ?[92m|-------------------------------------------------------------------------------------- Then detalle de vuelo?[0m
]]></system-err>
</testsuite>
