<?xml version="1.0" encoding="UTF-8"?>
<testsuite name="Book Flight" tests="18" skipped="0" failures="13" errors="0" timestamp="2025-11-22T11:31:36" hostname="DESKTOP-D502FJE" time="96.585">
  <properties/>
  <testcase name="Complete purchase with valid data #1" classname="Book Flight" time="10.683"/>
  <testcase name="Complete purchase with valid data #2" classname="Book Flight" time="4.682"/>
  <testcase name="Complete purchase with valid data #3" classname="Book Flight" time="4.575"/>
  <testcase name="Complete purchase with valid data #4" classname="Book Flight" time="6.001"/>
  <testcase name="Complete purchase with valid data #5" classname="Book Flight" time="5.413"/>
  <testcase name="Validate required fields in purchase form #1" classname="Book Flight" time="6.415">
    <failure message="java.lang.AssertionError: &#10;Expected: is &lt;true&gt;&#10;     but: was &lt;false&gt;" type="java.lang.AssertionError">java.lang.AssertionError: 
Expected: is &lt;true&gt;
     but: was &lt;false&gt;
	at net.serenitybdd.screenplay.ErrorTally.throwSummaryExceptionFrom(ErrorTally.java:38)
	at net.serenitybdd.screenplay.ErrorTally.reportAnyErrors(ErrorTally.java:32)
	at net.serenitybdd.screenplay.Actor.should(Actor.java:397)
	at co.udea.edu.certification.moduloTest.stepdefinitions.blazeDemoSteps.BlazeDemoStep.shouldSeeTheMessageOfConfirmationPurchase(BlazeDemoStep.java:106)
	at ✽.should see the message &quot;Please fill all required fields&quot; of confirmation purchase(file:///C:/Users/EQUIPO/Cosas%20x%20por%20ahí/Universidad/Calidoso/Talleres/Automatization/src/test/resources/features/BlazeDemo/BookFlight.feature:56)
</failure>
  </testcase>
  <testcase name="Validate required fields in purchase form #2" classname="Book Flight" time="5.662">
    <failure message="java.lang.AssertionError: &#10;Expected: is &lt;true&gt;&#10;     but: was &lt;false&gt;" type="java.lang.AssertionError">java.lang.AssertionError: 
Expected: is &lt;true&gt;
     but: was &lt;false&gt;
	at net.serenitybdd.screenplay.ErrorTally.throwSummaryExceptionFrom(ErrorTally.java:38)
	at net.serenitybdd.screenplay.ErrorTally.reportAnyErrors(ErrorTally.java:32)
	at net.serenitybdd.screenplay.Actor.should(Actor.java:397)
	at co.udea.edu.certification.moduloTest.stepdefinitions.blazeDemoSteps.BlazeDemoStep.shouldSeeTheMessageOfConfirmationPurchase(BlazeDemoStep.java:106)
	at ✽.should see the message &quot;Please fill all required fields&quot; of confirmation purchase(file:///C:/Users/EQUIPO/Cosas%20x%20por%20ahí/Universidad/Calidoso/Talleres/Automatization/src/test/resources/features/BlazeDemo/BookFlight.feature:56)
</failure>
  </testcase>
  <testcase name="Validate required fields in purchase form #3" classname="Book Flight" time="6.198">
    <failure message="java.lang.AssertionError: &#10;Expected: is &lt;true&gt;&#10;     but: was &lt;false&gt;" type="java.lang.AssertionError">java.lang.AssertionError: 
Expected: is &lt;true&gt;
     but: was &lt;false&gt;
	at net.serenitybdd.screenplay.ErrorTally.throwSummaryExceptionFrom(ErrorTally.java:38)
	at net.serenitybdd.screenplay.ErrorTally.reportAnyErrors(ErrorTally.java:32)
	at net.serenitybdd.screenplay.Actor.should(Actor.java:397)
	at co.udea.edu.certification.moduloTest.stepdefinitions.blazeDemoSteps.BlazeDemoStep.shouldSeeTheMessageOfConfirmationPurchase(BlazeDemoStep.java:106)
	at ✽.should see the message &quot;Please fill all required fields&quot; of confirmation purchase(file:///C:/Users/EQUIPO/Cosas%20x%20por%20ahí/Universidad/Calidoso/Talleres/Automatization/src/test/resources/features/BlazeDemo/BookFlight.feature:56)
</failure>
  </testcase>
  <testcase name="Validate required fields in purchase form #4" classname="Book Flight" time="4.883">
    <failure message="java.lang.AssertionError: &#10;Expected: is &lt;true&gt;&#10;     but: was &lt;false&gt;" type="java.lang.AssertionError">java.lang.AssertionError: 
Expected: is &lt;true&gt;
     but: was &lt;false&gt;
	at net.serenitybdd.screenplay.ErrorTally.throwSummaryExceptionFrom(ErrorTally.java:38)
	at net.serenitybdd.screenplay.ErrorTally.reportAnyErrors(ErrorTally.java:32)
	at net.serenitybdd.screenplay.Actor.should(Actor.java:397)
	at co.udea.edu.certification.moduloTest.stepdefinitions.blazeDemoSteps.BlazeDemoStep.shouldSeeTheMessageOfConfirmationPurchase(BlazeDemoStep.java:106)
	at ✽.should see the message &quot;Please fill all required fields&quot; of confirmation purchase(file:///C:/Users/EQUIPO/Cosas%20x%20por%20ahí/Universidad/Calidoso/Talleres/Automatization/src/test/resources/features/BlazeDemo/BookFlight.feature:56)
</failure>
  </testcase>
  <testcase name="Validate required fields in purchase form #5" classname="Book Flight" time="5.303">
    <failure message="java.lang.AssertionError: &#10;Expected: is &lt;true&gt;&#10;     but: was &lt;false&gt;" type="java.lang.AssertionError">java.lang.AssertionError: 
Expected: is &lt;true&gt;
     but: was &lt;false&gt;
	at net.serenitybdd.screenplay.ErrorTally.throwSummaryExceptionFrom(ErrorTally.java:38)
	at net.serenitybdd.screenplay.ErrorTally.reportAnyErrors(ErrorTally.java:32)
	at net.serenitybdd.screenplay.Actor.should(Actor.java:397)
	at co.udea.edu.certification.moduloTest.stepdefinitions.blazeDemoSteps.BlazeDemoStep.shouldSeeTheMessageOfConfirmationPurchase(BlazeDemoStep.java:106)
	at ✽.should see the message &quot;Please fill all required fields&quot; of confirmation purchase(file:///C:/Users/EQUIPO/Cosas%20x%20por%20ahí/Universidad/Calidoso/Talleres/Automatization/src/test/resources/features/BlazeDemo/BookFlight.feature:56)
</failure>
  </testcase>
  <testcase name="Validate required fields in purchase form #6" classname="Book Flight" time="5.053">
    <failure message="net.thucydides.model.domain.MultipleAssertionErrors: &#13;&#10;The following 6 assertions failed:&#13;&#10;1) Expected: is &lt;true&gt;&#10;     but: was &lt;false&gt;&#13;&#10;2) Expected: is &lt;true&gt;&#10;     but: was &lt;false&gt;&#13;&#10;3) Expected: is &lt;true&gt;&#10;     but: was &lt;false&gt;&#13;&#10;4) Expected: is &lt;true&gt;&#10;     but: was &lt;false&gt;&#13;&#10;5) Expected: is &lt;true&gt;&#10;     but: was &lt;false&gt;&#13;&#10;6) Expected: is &lt;true&gt;&#10;     but: was &lt;false&gt;&#13;&#10;" type="net.thucydides.model.domain.MultipleAssertionErrors">net.thucydides.model.domain.MultipleAssertionErrors: 
The following 6 assertions failed:
1) Expected: is &lt;true&gt;
     but: was &lt;false&gt;
2) Expected: is &lt;true&gt;
     but: was &lt;false&gt;
3) Expected: is &lt;true&gt;
     but: was &lt;false&gt;
4) Expected: is &lt;true&gt;
     but: was &lt;false&gt;
5) Expected: is &lt;true&gt;
     but: was &lt;false&gt;
6) Expected: is &lt;true&gt;
     but: was &lt;false&gt;

	at app//net.thucydides.model.domain.TestOutcome.determineTestFailureCause(TestOutcome.java:1700)
	at app//net.thucydides.core.steps.BaseStepListener.testFailed(BaseStepListener.java:1351)
	at app//net.thucydides.core.steps.StepEventBus.testFailed(StepEventBus.java:757)
	at app//io.cucumber.core.plugin.SerenityReporter.handleTestCaseFinished(SerenityReporter.java:319)
	at app//io.cucumber.core.eventbus.AbstractEventPublisher.send(AbstractEventPublisher.java:51)
	at app//io.cucumber.core.eventbus.AbstractEventBus.send(AbstractEventBus.java:12)
	at app//io.cucumber.core.runtime.SynchronizedEventBus.send(SynchronizedEventBus.java:47)
	at app//io.cucumber.core.runtime.ThreadLocalRunnerSupplier$LocalEventBus.send(ThreadLocalRunnerSupplier.java:62)
	at app//io.cucumber.core.runner.TestCase.emitTestCaseFinished(TestCase.java:219)
	at app//io.cucumber.core.runner.TestCase.run(TestCase.java:98)
	at app//io.cucumber.core.runner.Runner.runPickle(Runner.java:75)
	at app//io.cucumber.junit.PickleRunners$NoStepDescriptions.lambda$run$0(PickleRunners.java:151)
	at app//io.cucumber.core.runtime.CucumberExecutionContext.lambda$runTestCase$5(CucumberExecutionContext.java:137)
	at app//io.cucumber.core.runtime.RethrowingThrowableCollector.executeAndThrow(RethrowingThrowableCollector.java:23)
	at app//io.cucumber.core.runtime.CucumberExecutionContext.runTestCase(CucumberExecutionContext.java:137)
	at app//io.cucumber.junit.PickleRunners$NoStepDescriptions.run(PickleRunners.java:148)
	at app//io.cucumber.junit.FeatureRunner.runChild(FeatureRunner.java:144)
	at app//io.cucumber.junit.FeatureRunner.runChild(FeatureRunner.java:28)
	at app//org.junit.runners.ParentRunner$4.run(ParentRunner.java:331)
	at app//org.junit.runners.ParentRunner$1.schedule(ParentRunner.java:79)
	at app//org.junit.runners.ParentRunner.runChildren(ParentRunner.java:329)
	at app//org.junit.runners.ParentRunner.access$100(ParentRunner.java:66)
	at app//org.junit.runners.ParentRunner$2.evaluate(ParentRunner.java:293)
	at app//org.junit.runners.ParentRunner$3.evaluate(ParentRunner.java:306)
	at app//org.junit.runners.ParentRunner.run(ParentRunner.java:413)
	at app//io.cucumber.junit.FeatureRunner.run(FeatureRunner.java:137)
	at app//io.cucumber.junit.CucumberSerenityBaseRunner.runChild(CucumberSerenityBaseRunner.java:332)
	at app//io.cucumber.junit.CucumberSerenityBaseRunner.runChild(CucumberSerenityBaseRunner.java:53)
	at app//org.junit.runners.ParentRunner$4.run(ParentRunner.java:331)
	at app//org.junit.runners.ParentRunner$1.schedule(ParentRunner.java:79)
	at app//org.junit.runners.ParentRunner.runChildren(ParentRunner.java:329)
	at app//org.junit.runners.ParentRunner.access$100(ParentRunner.java:66)
	at app//org.junit.runners.ParentRunner$2.evaluate(ParentRunner.java:293)
	at app//io.cucumber.junit.CucumberSerenityBaseRunner$RunCucumber.evaluate(CucumberSerenityBaseRunner.java:363)
	at app//org.junit.runners.ParentRunner$3.evaluate(ParentRunner.java:306)
	at app//org.junit.runners.ParentRunner.run(ParentRunner.java:413)
	at org.gradle.api.internal.tasks.testing.junit.JUnitTestClassExecutor.runTestClass(JUnitTestClassExecutor.java:112)
	at org.gradle.api.internal.tasks.testing.junit.JUnitTestClassExecutor.execute(JUnitTestClassExecutor.java:58)
	at org.gradle.api.internal.tasks.testing.junit.JUnitTestClassExecutor.execute(JUnitTestClassExecutor.java:40)
	at org.gradle.api.internal.tasks.testing.junit.AbstractJUnitTestClassProcessor.processTestClass(AbstractJUnitTestClassProcessor.java:60)
	at org.gradle.api.internal.tasks.testing.SuiteTestClassProcessor.processTestClass(SuiteTestClassProcessor.java:52)
	at java.base@17.0.12/jdk.internal.reflect.NativeMethodAccessorImpl.invoke0(Native Method)
	at java.base@17.0.12/jdk.internal.reflect.NativeMethodAccessorImpl.invoke(NativeMethodAccessorImpl.java:77)
	at java.base@17.0.12/jdk.internal.reflect.DelegatingMethodAccessorImpl.invoke(DelegatingMethodAccessorImpl.java:43)
	at java.base@17.0.12/java.lang.reflect.Method.invoke(Method.java:568)
	at org.gradle.internal.dispatch.ReflectionDispatch.dispatch(ReflectionDispatch.java:36)
	at org.gradle.internal.dispatch.ReflectionDispatch.dispatch(ReflectionDispatch.java:24)
	at org.gradle.internal.dispatch.ContextClassLoaderDispatch.dispatch(ContextClassLoaderDispatch.java:33)
	at org.gradle.internal.dispatch.ProxyDispatchAdapter$DispatchingInvocationHandler.invoke(ProxyDispatchAdapter.java:94)
	at jdk.proxy1/jdk.proxy1.$Proxy2.processTestClass(Unknown Source)
	at org.gradle.api.internal.tasks.testing.worker.TestWorker$2.run(TestWorker.java:176)
	at org.gradle.api.internal.tasks.testing.worker.TestWorker.executeAndMaintainThreadName(TestWorker.java:129)
	at org.gradle.api.internal.tasks.testing.worker.TestWorker.execute(TestWorker.java:100)
	at org.gradle.api.internal.tasks.testing.worker.TestWorker.execute(TestWorker.java:60)
	at org.gradle.process.internal.worker.child.ActionExecutionWorker.execute(ActionExecutionWorker.java:56)
	at org.gradle.process.internal.worker.child.SystemApplicationClassLoaderWorker.call(SystemApplicationClassLoaderWorker.java:113)
	at org.gradle.process.internal.worker.child.SystemApplicationClassLoaderWorker.call(SystemApplicationClassLoaderWorker.java:65)
	at app//worker.org.gradle.process.internal.worker.GradleWorkerMain.run(GradleWorkerMain.java:69)
	at app//worker.org.gradle.process.internal.worker.GradleWorkerMain.main(GradleWorkerMain.java:74)
	at ✽.Complete the reservation form with:(file:///C:/Users/EQUIPO/Cosas%20x%20por%20ahí/Universidad/Calidoso/Talleres/Automatization/src/test/resources/features/BlazeDemo/BookFlight.feature:43)
</failure>
  </testcase>
  <testcase name="Validate required fields in purchase form #7" classname="Book Flight" time="5.448">
    <failure message="java.lang.AssertionError: &#10;Expected: is &lt;true&gt;&#10;     but: was &lt;false&gt;" type="java.lang.AssertionError">java.lang.AssertionError: 
Expected: is &lt;true&gt;
     but: was &lt;false&gt;
	at net.serenitybdd.screenplay.ErrorTally.throwSummaryExceptionFrom(ErrorTally.java:38)
	at net.serenitybdd.screenplay.ErrorTally.reportAnyErrors(ErrorTally.java:32)
	at net.serenitybdd.screenplay.Actor.should(Actor.java:397)
	at co.udea.edu.certification.moduloTest.stepdefinitions.blazeDemoSteps.BlazeDemoStep.shouldSeeTheMessageOfConfirmationPurchase(BlazeDemoStep.java:106)
	at ✽.should see the message &quot;Please fill all required fields&quot; of confirmation purchase(file:///C:/Users/EQUIPO/Cosas%20x%20por%20ahí/Universidad/Calidoso/Talleres/Automatization/src/test/resources/features/BlazeDemo/BookFlight.feature:56)
</failure>
  </testcase>
  <testcase name="Validate required fields in purchase form #8" classname="Book Flight" time="4.81">
    <failure message="java.lang.AssertionError: &#10;Expected: is &lt;true&gt;&#10;     but: was &lt;false&gt;" type="java.lang.AssertionError">java.lang.AssertionError: 
Expected: is &lt;true&gt;
     but: was &lt;false&gt;
	at net.serenitybdd.screenplay.ErrorTally.throwSummaryExceptionFrom(ErrorTally.java:38)
	at net.serenitybdd.screenplay.ErrorTally.reportAnyErrors(ErrorTally.java:32)
	at net.serenitybdd.screenplay.Actor.should(Actor.java:397)
	at co.udea.edu.certification.moduloTest.stepdefinitions.blazeDemoSteps.BlazeDemoStep.shouldSeeTheMessageOfConfirmationPurchase(BlazeDemoStep.java:106)
	at ✽.should see the message &quot;Please fill all required fields&quot; of confirmation purchase(file:///C:/Users/EQUIPO/Cosas%20x%20por%20ahí/Universidad/Calidoso/Talleres/Automatization/src/test/resources/features/BlazeDemo/BookFlight.feature:56)
</failure>
  </testcase>
  <testcase name="Validate required fields in purchase form #9" classname="Book Flight" time="4.029">
    <failure message="java.lang.AssertionError: &#10;Expected: is &lt;true&gt;&#10;     but: was &lt;false&gt;" type="java.lang.AssertionError">java.lang.AssertionError: 
Expected: is &lt;true&gt;
     but: was &lt;false&gt;
	at net.serenitybdd.screenplay.ErrorTally.throwSummaryExceptionFrom(ErrorTally.java:38)
	at net.serenitybdd.screenplay.ErrorTally.reportAnyErrors(ErrorTally.java:32)
	at net.serenitybdd.screenplay.Actor.should(Actor.java:397)
	at co.udea.edu.certification.moduloTest.stepdefinitions.blazeDemoSteps.BlazeDemoStep.shouldSeeTheMessageOfConfirmationPurchase(BlazeDemoStep.java:106)
	at ✽.should see the message &quot;Please fill all required fields&quot; of confirmation purchase(file:///C:/Users/EQUIPO/Cosas%20x%20por%20ahí/Universidad/Calidoso/Talleres/Automatization/src/test/resources/features/BlazeDemo/BookFlight.feature:56)
</failure>
  </testcase>
  <testcase name="Validate required fields in purchase form #10" classname="Book Flight" time="4.267">
    <failure message="java.lang.AssertionError: &#10;Expected: is &lt;true&gt;&#10;     but: was &lt;false&gt;" type="java.lang.AssertionError">java.lang.AssertionError: 
Expected: is &lt;true&gt;
     but: was &lt;false&gt;
	at net.serenitybdd.screenplay.ErrorTally.throwSummaryExceptionFrom(ErrorTally.java:38)
	at net.serenitybdd.screenplay.ErrorTally.reportAnyErrors(ErrorTally.java:32)
	at net.serenitybdd.screenplay.Actor.should(Actor.java:397)
	at co.udea.edu.certification.moduloTest.stepdefinitions.blazeDemoSteps.BlazeDemoStep.shouldSeeTheMessageOfConfirmationPurchase(BlazeDemoStep.java:106)
	at ✽.should see the message &quot;Please fill all required fields&quot; of confirmation purchase(file:///C:/Users/EQUIPO/Cosas%20x%20por%20ahí/Universidad/Calidoso/Talleres/Automatization/src/test/resources/features/BlazeDemo/BookFlight.feature:56)
</failure>
  </testcase>
  <testcase name="Validate required fields in purchase form #11" classname="Book Flight" time="4.142">
    <failure message="java.lang.AssertionError: &#10;Expected: is &lt;true&gt;&#10;     but: was &lt;false&gt;" type="java.lang.AssertionError">java.lang.AssertionError: 
Expected: is &lt;true&gt;
     but: was &lt;false&gt;
	at net.serenitybdd.screenplay.ErrorTally.throwSummaryExceptionFrom(ErrorTally.java:38)
	at net.serenitybdd.screenplay.ErrorTally.reportAnyErrors(ErrorTally.java:32)
	at net.serenitybdd.screenplay.Actor.should(Actor.java:397)
	at co.udea.edu.certification.moduloTest.stepdefinitions.blazeDemoSteps.BlazeDemoStep.shouldSeeTheMessageOfConfirmationPurchase(BlazeDemoStep.java:106)
	at ✽.should see the message &quot;Please fill all required fields&quot; of confirmation purchase(file:///C:/Users/EQUIPO/Cosas%20x%20por%20ahí/Universidad/Calidoso/Talleres/Automatization/src/test/resources/features/BlazeDemo/BookFlight.feature:56)
</failure>
  </testcase>
  <testcase name="Validate required fields in purchase form #12" classname="Book Flight" time="4.169">
    <failure message="java.lang.AssertionError: &#10;Expected: is &lt;true&gt;&#10;     but: was &lt;false&gt;" type="java.lang.AssertionError">java.lang.AssertionError: 
Expected: is &lt;true&gt;
     but: was &lt;false&gt;
	at net.serenitybdd.screenplay.ErrorTally.throwSummaryExceptionFrom(ErrorTally.java:38)
	at net.serenitybdd.screenplay.ErrorTally.reportAnyErrors(ErrorTally.java:32)
	at net.serenitybdd.screenplay.Actor.should(Actor.java:397)
	at co.udea.edu.certification.moduloTest.stepdefinitions.blazeDemoSteps.BlazeDemoStep.shouldSeeTheMessageOfConfirmationPurchase(BlazeDemoStep.java:106)
	at ✽.should see the message &quot;Please fill all required fields&quot; of confirmation purchase(file:///C:/Users/EQUIPO/Cosas%20x%20por%20ahí/Universidad/Calidoso/Talleres/Automatization/src/test/resources/features/BlazeDemo/BookFlight.feature:56)
</failure>
  </testcase>
  <testcase name="Validate required fields in purchase form #13" classname="Book Flight" time="4.852">
    <failure message="java.lang.AssertionError: &#10;Expected: is &lt;true&gt;&#10;     but: was &lt;false&gt;" type="java.lang.AssertionError">java.lang.AssertionError: 
Expected: is &lt;true&gt;
     but: was &lt;false&gt;
	at net.serenitybdd.screenplay.ErrorTally.throwSummaryExceptionFrom(ErrorTally.java:38)
	at net.serenitybdd.screenplay.ErrorTally.reportAnyErrors(ErrorTally.java:32)
	at net.serenitybdd.screenplay.Actor.should(Actor.java:397)
	at co.udea.edu.certification.moduloTest.stepdefinitions.blazeDemoSteps.BlazeDemoStep.shouldSeeTheMessageOfConfirmationPurchase(BlazeDemoStep.java:106)
	at ✽.should see the message &quot;Please fill all required fields&quot; of confirmation purchase(file:///C:/Users/EQUIPO/Cosas%20x%20por%20ahí/Universidad/Calidoso/Talleres/Automatization/src/test/resources/features/BlazeDemo/BookFlight.feature:56)
</failure>
  </testcase>
  <system-out><![CDATA[
@blaze_demo @booking @outline @valid_data
Scenario Outline: Complete purchase with valid data                                         ?[90m# src/test/resources/features/BlazeDemo/BookFlight.feature:34?[0m
  ?[32mGiven ?[0m?[32mUser opens the booking page?[0m                                                         ?[90m# co.udea.edu.certification.moduloTest.stepdefinitions.blazeDemoSteps.BlazeDemoStep.userOpensTheBookingPage()?[0m
  ?[32mWhen ?[0m?[32msearches for flights from ?[0m?[32m?[1m"Paris"?[0m?[32m to ?[0m?[32m?[1m"Buenos Aires"?[0m                                  ?[90m# co.udea.edu.certification.moduloTest.stepdefinitions.blazeDemoSteps.BlazeDemoStep.searchesForFlightsFromTo(java.lang.String,java.lang.String)?[0m
  ?[32mAnd ?[0m?[32mselects the flight with the ?[0m?[32m?[1m"lowest"?[0m?[32m price?[0m                                            ?[90m# co.udea.edu.certification.moduloTest.stepdefinitions.blazeDemoSteps.BlazeDemoStep.selectsTheFlightWithThePrice(java.lang.String)?[0m
  ?[32mWhen ?[0m?[32mComplete the reservation form with:?[0m                                                  ?[90m# co.udea.edu.certification.moduloTest.stepdefinitions.blazeDemoSteps.BlazeDemoStep.completeTheReservationFormWith(io.cucumber.datatable.DataTable)?[0m
    | Field        | Value            |
    | Name         | John Doe         |
    | Address      | 123 Main St      |
    | City         | Boston           |
    | State        | MA               |
    | Zip Code     | 02101            |
    | Card Type    | Visa             |
    | Card Number  | 4111111111111111 |
    | Month        | 12               |
    | Year         | 2025             |
    | Name on card | JOHN DOE         |
  ?[32mAnd ?[0m?[32mclicks on Purchase Flight?[0m                                                             ?[90m# co.udea.edu.certification.moduloTest.stepdefinitions.blazeDemoSteps.BlazeDemoStep.clicksOnPurchaseFlight()?[0m
  ?[32mThen ?[0m?[32mshould see the message ?[0m?[32m?[1m"Thank you for your purchase today!"?[0m?[32m of confirmation purchase?[0m ?[90m# co.udea.edu.certification.moduloTest.stepdefinitions.blazeDemoSteps.BlazeDemoStep.shouldSeeTheMessageOfConfirmationPurchase(java.lang.String)?[0m

@blaze_demo @booking @outline @valid_data
Scenario Outline: Complete purchase with valid data                                         ?[90m# src/test/resources/features/BlazeDemo/BookFlight.feature:35?[0m
  ?[32mGiven ?[0m?[32mUser opens the booking page?[0m                                                         ?[90m# co.udea.edu.certification.moduloTest.stepdefinitions.blazeDemoSteps.BlazeDemoStep.userOpensTheBookingPage()?[0m
  ?[32mWhen ?[0m?[32msearches for flights from ?[0m?[32m?[1m"Paris"?[0m?[32m to ?[0m?[32m?[1m"Buenos Aires"?[0m                                  ?[90m# co.udea.edu.certification.moduloTest.stepdefinitions.blazeDemoSteps.BlazeDemoStep.searchesForFlightsFromTo(java.lang.String,java.lang.String)?[0m
  ?[32mAnd ?[0m?[32mselects the flight with the ?[0m?[32m?[1m"lowest"?[0m?[32m price?[0m                                            ?[90m# co.udea.edu.certification.moduloTest.stepdefinitions.blazeDemoSteps.BlazeDemoStep.selectsTheFlightWithThePrice(java.lang.String)?[0m
  ?[32mWhen ?[0m?[32mComplete the reservation form with:?[0m                                                  ?[90m# co.udea.edu.certification.moduloTest.stepdefinitions.blazeDemoSteps.BlazeDemoStep.completeTheReservationFormWith(io.cucumber.datatable.DataTable)?[0m
    | Field        | Value            |
    | Name         | Jane Smith       |
    | Address      | 456 Oak Ave      |
    | City         | London           |
    | State        | N/A              |
    | Zip Code     | SW1A 1AA         |
    | Card Type    | Diner's Club     |
    | Card Number  | 5500000000000004 |
    | Month        | 08               |
    | Year         | 2026             |
    | Name on card | JANE SMITH       |
  ?[32mAnd ?[0m?[32mclicks on Purchase Flight?[0m                                                             ?[90m# co.udea.edu.certification.moduloTest.stepdefinitions.blazeDemoSteps.BlazeDemoStep.clicksOnPurchaseFlight()?[0m
  ?[32mThen ?[0m?[32mshould see the message ?[0m?[32m?[1m"Thank you for your purchase today!"?[0m?[32m of confirmation purchase?[0m ?[90m# co.udea.edu.certification.moduloTest.stepdefinitions.blazeDemoSteps.BlazeDemoStep.shouldSeeTheMessageOfConfirmationPurchase(java.lang.String)?[0m

@blaze_demo @booking @outline @valid_data
Scenario Outline: Complete purchase with valid data                                         ?[90m# src/test/resources/features/BlazeDemo/BookFlight.feature:36?[0m
  ?[32mGiven ?[0m?[32mUser opens the booking page?[0m                                                         ?[90m# co.udea.edu.certification.moduloTest.stepdefinitions.blazeDemoSteps.BlazeDemoStep.userOpensTheBookingPage()?[0m
  ?[32mWhen ?[0m?[32msearches for flights from ?[0m?[32m?[1m"Paris"?[0m?[32m to ?[0m?[32m?[1m"Buenos Aires"?[0m                                  ?[90m# co.udea.edu.certification.moduloTest.stepdefinitions.blazeDemoSteps.BlazeDemoStep.searchesForFlightsFromTo(java.lang.String,java.lang.String)?[0m
  ?[32mAnd ?[0m?[32mselects the flight with the ?[0m?[32m?[1m"lowest"?[0m?[32m price?[0m                                            ?[90m# co.udea.edu.certification.moduloTest.stepdefinitions.blazeDemoSteps.BlazeDemoStep.selectsTheFlightWithThePrice(java.lang.String)?[0m
  ?[32mWhen ?[0m?[32mComplete the reservation form with:?[0m                                                  ?[90m# co.udea.edu.certification.moduloTest.stepdefinitions.blazeDemoSteps.BlazeDemoStep.completeTheReservationFormWith(io.cucumber.datatable.DataTable)?[0m
    | Field        | Value            |
    | Name         | Carlos Lopez     |
    | Address      | Calle 45 #12-30  |
    | City         | Bogota           |
    | State        | DC               |
    | Zip Code     | 110111           |
    | Card Type    | Visa             |
    | Card Number  | 4111111111111111 |
    | Month        | 03               |
    | Year         | 2027             |
    | Name on card | CARLOS LOPEZ     |
  ?[32mAnd ?[0m?[32mclicks on Purchase Flight?[0m                                                             ?[90m# co.udea.edu.certification.moduloTest.stepdefinitions.blazeDemoSteps.BlazeDemoStep.clicksOnPurchaseFlight()?[0m
  ?[32mThen ?[0m?[32mshould see the message ?[0m?[32m?[1m"Thank you for your purchase today!"?[0m?[32m of confirmation purchase?[0m ?[90m# co.udea.edu.certification.moduloTest.stepdefinitions.blazeDemoSteps.BlazeDemoStep.shouldSeeTheMessageOfConfirmationPurchase(java.lang.String)?[0m

@blaze_demo @booking @outline @valid_data
Scenario Outline: Complete purchase with valid data                                         ?[90m# src/test/resources/features/BlazeDemo/BookFlight.feature:37?[0m
  ?[32mGiven ?[0m?[32mUser opens the booking page?[0m                                                         ?[90m# co.udea.edu.certification.moduloTest.stepdefinitions.blazeDemoSteps.BlazeDemoStep.userOpensTheBookingPage()?[0m
  ?[32mWhen ?[0m?[32msearches for flights from ?[0m?[32m?[1m"Paris"?[0m?[32m to ?[0m?[32m?[1m"Buenos Aires"?[0m                                  ?[90m# co.udea.edu.certification.moduloTest.stepdefinitions.blazeDemoSteps.BlazeDemoStep.searchesForFlightsFromTo(java.lang.String,java.lang.String)?[0m
  ?[32mAnd ?[0m?[32mselects the flight with the ?[0m?[32m?[1m"lowest"?[0m?[32m price?[0m                                            ?[90m# co.udea.edu.certification.moduloTest.stepdefinitions.blazeDemoSteps.BlazeDemoStep.selectsTheFlightWithThePrice(java.lang.String)?[0m
  ?[32mWhen ?[0m?[32mComplete the reservation form with:?[0m                                                  ?[90m# co.udea.edu.certification.moduloTest.stepdefinitions.blazeDemoSteps.BlazeDemoStep.completeTheReservationFormWith(io.cucumber.datatable.DataTable)?[0m
    | Field        | Value              |
    | Name         | Maria Garcia       |
    | Address      | Av Libertador 1234 |
    | City         | Caracas            |
    | State        | DF                 |
    | Zip Code     | 1010               |
    | Card Type    | American Express   |
    | Card Number  | 378282246310005    |
    | Month        | 11                 |
    | Year         | 2025               |
    | Name on card | MARIA GARCIA       |
  ?[32mAnd ?[0m?[32mclicks on Purchase Flight?[0m                                                             ?[90m# co.udea.edu.certification.moduloTest.stepdefinitions.blazeDemoSteps.BlazeDemoStep.clicksOnPurchaseFlight()?[0m
  ?[32mThen ?[0m?[32mshould see the message ?[0m?[32m?[1m"Thank you for your purchase today!"?[0m?[32m of confirmation purchase?[0m ?[90m# co.udea.edu.certification.moduloTest.stepdefinitions.blazeDemoSteps.BlazeDemoStep.shouldSeeTheMessageOfConfirmationPurchase(java.lang.String)?[0m

@blaze_demo @booking @outline @valid_data
Scenario Outline: Complete purchase with valid data                                         ?[90m# src/test/resources/features/BlazeDemo/BookFlight.feature:38?[0m
  ?[32mGiven ?[0m?[32mUser opens the booking page?[0m                                                         ?[90m# co.udea.edu.certification.moduloTest.stepdefinitions.blazeDemoSteps.BlazeDemoStep.userOpensTheBookingPage()?[0m
  ?[32mWhen ?[0m?[32msearches for flights from ?[0m?[32m?[1m"Paris"?[0m?[32m to ?[0m?[32m?[1m"Buenos Aires"?[0m                                  ?[90m# co.udea.edu.certification.moduloTest.stepdefinitions.blazeDemoSteps.BlazeDemoStep.searchesForFlightsFromTo(java.lang.String,java.lang.String)?[0m
  ?[32mAnd ?[0m?[32mselects the flight with the ?[0m?[32m?[1m"lowest"?[0m?[32m price?[0m                                            ?[90m# co.udea.edu.certification.moduloTest.stepdefinitions.blazeDemoSteps.BlazeDemoStep.selectsTheFlightWithThePrice(java.lang.String)?[0m
  ?[32mWhen ?[0m?[32mComplete the reservation form with:?[0m                                                  ?[90m# co.udea.edu.certification.moduloTest.stepdefinitions.blazeDemoSteps.BlazeDemoStep.completeTheReservationFormWith(io.cucumber.datatable.DataTable)?[0m
    | Field        | Value            |
    | Name         | Robert Brown     |
    | Address      | 789 Pine Street  |
    | City         | New York         |
    | State        | NY               |
    | Zip Code     | 10001            |
    | Card Type    | Visa             |
    | Card Number  | 6011111111111117 |
    | Month        | 05               |
    | Year         | 2026             |
    | Name on card | ROBERT BROWN     |
  ?[32mAnd ?[0m?[32mclicks on Purchase Flight?[0m                                                             ?[90m# co.udea.edu.certification.moduloTest.stepdefinitions.blazeDemoSteps.BlazeDemoStep.clicksOnPurchaseFlight()?[0m
  ?[32mThen ?[0m?[32mshould see the message ?[0m?[32m?[1m"Thank you for your purchase today!"?[0m?[32m of confirmation purchase?[0m ?[90m# co.udea.edu.certification.moduloTest.stepdefinitions.blazeDemoSteps.BlazeDemoStep.shouldSeeTheMessageOfConfirmationPurchase(java.lang.String)?[0m

@blaze_demo @booking @outline @invalid_data
Scenario Outline: Validate required fields in purchase form                              ?[90m# src/test/resources/features/BlazeDemo/BookFlight.feature:59?[0m
  ?[32mGiven ?[0m?[32mUser opens the booking page?[0m                                                      ?[90m# co.udea.edu.certification.moduloTest.stepdefinitions.blazeDemoSteps.BlazeDemoStep.userOpensTheBookingPage()?[0m
  ?[32mWhen ?[0m?[32msearches for flights from ?[0m?[32m?[1m"Paris"?[0m?[32m to ?[0m?[32m?[1m"Buenos Aires"?[0m                               ?[90m# co.udea.edu.certification.moduloTest.stepdefinitions.blazeDemoSteps.BlazeDemoStep.searchesForFlightsFromTo(java.lang.String,java.lang.String)?[0m
  ?[32mAnd ?[0m?[32mselects the flight with the ?[0m?[32m?[1m"lowest"?[0m?[32m price?[0m                                         ?[90m# co.udea.edu.certification.moduloTest.stepdefinitions.blazeDemoSteps.BlazeDemoStep.selectsTheFlightWithThePrice(java.lang.String)?[0m
  ?[32mWhen ?[0m?[32mComplete the reservation form with:?[0m                                               ?[90m# co.udea.edu.certification.moduloTest.stepdefinitions.blazeDemoSteps.BlazeDemoStep.completeTheReservationFormWith(io.cucumber.datatable.DataTable)?[0m
    | Field        | Value            |
    | Name         | [empty]          |
    | Address      | 123 Main St      |
    | City         | Boston           |
    | State        | MA               |
    | Zip Code     | 02101            |
    | Card Type    | Visa             |
    | Card Number  | 4111111111111111 |
    | Month        | 12               |
    | Year         | 2025             |
    | Name on card | JOHN DOE         |
  ?[32mAnd ?[0m?[32mclicks on Purchase Flight?[0m                                                          ?[90m# co.udea.edu.certification.moduloTest.stepdefinitions.blazeDemoSteps.BlazeDemoStep.clicksOnPurchaseFlight()?[0m
  ?[31mThen ?[0m?[31mshould see the message ?[0m?[31m?[1m"Please fill all required fields"?[0m?[31m of confirmation purchase?[0m ?[90m# co.udea.edu.certification.moduloTest.stepdefinitions.blazeDemoSteps.BlazeDemoStep.shouldSeeTheMessageOfConfirmationPurchase(java.lang.String)?[0m
      ?[31mjava.lang.AssertionError: 
Expected: is <true>
     but: was <false>
	at net.serenitybdd.screenplay.ErrorTally.throwSummaryExceptionFrom(ErrorTally.java:38)
	at net.serenitybdd.screenplay.ErrorTally.reportAnyErrors(ErrorTally.java:32)
	at net.serenitybdd.screenplay.Actor.should(Actor.java:397)
	at co.udea.edu.certification.moduloTest.stepdefinitions.blazeDemoSteps.BlazeDemoStep.shouldSeeTheMessageOfConfirmationPurchase(BlazeDemoStep.java:106)
	at ✽.should see the message "Please fill all required fields" of confirmation purchase(file:///C:/Users/EQUIPO/Cosas%20x%20por%20ahí/Universidad/Calidoso/Talleres/Automatization/src/test/resources/features/BlazeDemo/BookFlight.feature:56)
?[0m

@blaze_demo @booking @outline @invalid_data
Scenario Outline: Validate required fields in purchase form                              ?[90m# src/test/resources/features/BlazeDemo/BookFlight.feature:60?[0m
  ?[32mGiven ?[0m?[32mUser opens the booking page?[0m                                                      ?[90m# co.udea.edu.certification.moduloTest.stepdefinitions.blazeDemoSteps.BlazeDemoStep.userOpensTheBookingPage()?[0m
  ?[32mWhen ?[0m?[32msearches for flights from ?[0m?[32m?[1m"Paris"?[0m?[32m to ?[0m?[32m?[1m"Buenos Aires"?[0m                               ?[90m# co.udea.edu.certification.moduloTest.stepdefinitions.blazeDemoSteps.BlazeDemoStep.searchesForFlightsFromTo(java.lang.String,java.lang.String)?[0m
  ?[32mAnd ?[0m?[32mselects the flight with the ?[0m?[32m?[1m"lowest"?[0m?[32m price?[0m                                         ?[90m# co.udea.edu.certification.moduloTest.stepdefinitions.blazeDemoSteps.BlazeDemoStep.selectsTheFlightWithThePrice(java.lang.String)?[0m
  ?[32mWhen ?[0m?[32mComplete the reservation form with:?[0m                                               ?[90m# co.udea.edu.certification.moduloTest.stepdefinitions.blazeDemoSteps.BlazeDemoStep.completeTheReservationFormWith(io.cucumber.datatable.DataTable)?[0m
    | Field        | Value            |
    | Name         | John Doe         |
    | Address      | [empty]          |
    | City         | Boston           |
    | State        | MA               |
    | Zip Code     | 02101            |
    | Card Type    | Visa             |
    | Card Number  | 4111111111111111 |
    | Month        | 12               |
    | Year         | 2025             |
    | Name on card | JOHN DOE         |
  ?[32mAnd ?[0m?[32mclicks on Purchase Flight?[0m                                                          ?[90m# co.udea.edu.certification.moduloTest.stepdefinitions.blazeDemoSteps.BlazeDemoStep.clicksOnPurchaseFlight()?[0m
  ?[31mThen ?[0m?[31mshould see the message ?[0m?[31m?[1m"Please fill all required fields"?[0m?[31m of confirmation purchase?[0m ?[90m# co.udea.edu.certification.moduloTest.stepdefinitions.blazeDemoSteps.BlazeDemoStep.shouldSeeTheMessageOfConfirmationPurchase(java.lang.String)?[0m
      ?[31mjava.lang.AssertionError: 
Expected: is <true>
     but: was <false>
	at net.serenitybdd.screenplay.ErrorTally.throwSummaryExceptionFrom(ErrorTally.java:38)
	at net.serenitybdd.screenplay.ErrorTally.reportAnyErrors(ErrorTally.java:32)
	at net.serenitybdd.screenplay.Actor.should(Actor.java:397)
	at co.udea.edu.certification.moduloTest.stepdefinitions.blazeDemoSteps.BlazeDemoStep.shouldSeeTheMessageOfConfirmationPurchase(BlazeDemoStep.java:106)
	at ✽.should see the message "Please fill all required fields" of confirmation purchase(file:///C:/Users/EQUIPO/Cosas%20x%20por%20ahí/Universidad/Calidoso/Talleres/Automatization/src/test/resources/features/BlazeDemo/BookFlight.feature:56)
?[0m

@blaze_demo @booking @outline @invalid_data
Scenario Outline: Validate required fields in purchase form                              ?[90m# src/test/resources/features/BlazeDemo/BookFlight.feature:61?[0m
  ?[32mGiven ?[0m?[32mUser opens the booking page?[0m                                                      ?[90m# co.udea.edu.certification.moduloTest.stepdefinitions.blazeDemoSteps.BlazeDemoStep.userOpensTheBookingPage()?[0m
  ?[32mWhen ?[0m?[32msearches for flights from ?[0m?[32m?[1m"Paris"?[0m?[32m to ?[0m?[32m?[1m"Buenos Aires"?[0m                               ?[90m# co.udea.edu.certification.moduloTest.stepdefinitions.blazeDemoSteps.BlazeDemoStep.searchesForFlightsFromTo(java.lang.String,java.lang.String)?[0m
  ?[32mAnd ?[0m?[32mselects the flight with the ?[0m?[32m?[1m"lowest"?[0m?[32m price?[0m                                         ?[90m# co.udea.edu.certification.moduloTest.stepdefinitions.blazeDemoSteps.BlazeDemoStep.selectsTheFlightWithThePrice(java.lang.String)?[0m
  ?[32mWhen ?[0m?[32mComplete the reservation form with:?[0m                                               ?[90m# co.udea.edu.certification.moduloTest.stepdefinitions.blazeDemoSteps.BlazeDemoStep.completeTheReservationFormWith(io.cucumber.datatable.DataTable)?[0m
    | Field        | Value            |
    | Name         | John Doe         |
    | Address      | 123 Main St      |
    | City         | [empty]          |
    | State        | MA               |
    | Zip Code     | 02101            |
    | Card Type    | Visa             |
    | Card Number  | 4111111111111111 |
    | Month        | 12               |
    | Year         | 2025             |
    | Name on card | JOHN DOE         |
  ?[32mAnd ?[0m?[32mclicks on Purchase Flight?[0m                                                          ?[90m# co.udea.edu.certification.moduloTest.stepdefinitions.blazeDemoSteps.BlazeDemoStep.clicksOnPurchaseFlight()?[0m
  ?[31mThen ?[0m?[31mshould see the message ?[0m?[31m?[1m"Please fill all required fields"?[0m?[31m of confirmation purchase?[0m ?[90m# co.udea.edu.certification.moduloTest.stepdefinitions.blazeDemoSteps.BlazeDemoStep.shouldSeeTheMessageOfConfirmationPurchase(java.lang.String)?[0m
      ?[31mjava.lang.AssertionError: 
Expected: is <true>
     but: was <false>
	at net.serenitybdd.screenplay.ErrorTally.throwSummaryExceptionFrom(ErrorTally.java:38)
	at net.serenitybdd.screenplay.ErrorTally.reportAnyErrors(ErrorTally.java:32)
	at net.serenitybdd.screenplay.Actor.should(Actor.java:397)
	at co.udea.edu.certification.moduloTest.stepdefinitions.blazeDemoSteps.BlazeDemoStep.shouldSeeTheMessageOfConfirmationPurchase(BlazeDemoStep.java:106)
	at ✽.should see the message "Please fill all required fields" of confirmation purchase(file:///C:/Users/EQUIPO/Cosas%20x%20por%20ahí/Universidad/Calidoso/Talleres/Automatization/src/test/resources/features/BlazeDemo/BookFlight.feature:56)
?[0m

@blaze_demo @booking @outline @invalid_data
Scenario Outline: Validate required fields in purchase form                              ?[90m# src/test/resources/features/BlazeDemo/BookFlight.feature:62?[0m
  ?[32mGiven ?[0m?[32mUser opens the booking page?[0m                                                      ?[90m# co.udea.edu.certification.moduloTest.stepdefinitions.blazeDemoSteps.BlazeDemoStep.userOpensTheBookingPage()?[0m
  ?[32mWhen ?[0m?[32msearches for flights from ?[0m?[32m?[1m"Paris"?[0m?[32m to ?[0m?[32m?[1m"Buenos Aires"?[0m                               ?[90m# co.udea.edu.certification.moduloTest.stepdefinitions.blazeDemoSteps.BlazeDemoStep.searchesForFlightsFromTo(java.lang.String,java.lang.String)?[0m
  ?[32mAnd ?[0m?[32mselects the flight with the ?[0m?[32m?[1m"lowest"?[0m?[32m price?[0m                                         ?[90m# co.udea.edu.certification.moduloTest.stepdefinitions.blazeDemoSteps.BlazeDemoStep.selectsTheFlightWithThePrice(java.lang.String)?[0m
  ?[32mWhen ?[0m?[32mComplete the reservation form with:?[0m                                               ?[90m# co.udea.edu.certification.moduloTest.stepdefinitions.blazeDemoSteps.BlazeDemoStep.completeTheReservationFormWith(io.cucumber.datatable.DataTable)?[0m
    | Field        | Value            |
    | Name         | John Doe         |
    | Address      | 123 Main St      |
    | City         | Boston           |
    | State        | [empty]          |
    | Zip Code     | 02101            |
    | Card Type    | Visa             |
    | Card Number  | 4111111111111111 |
    | Month        | 12               |
    | Year         | 2025             |
    | Name on card | JOHN DOE         |
  ?[32mAnd ?[0m?[32mclicks on Purchase Flight?[0m                                                          ?[90m# co.udea.edu.certification.moduloTest.stepdefinitions.blazeDemoSteps.BlazeDemoStep.clicksOnPurchaseFlight()?[0m
  ?[31mThen ?[0m?[31mshould see the message ?[0m?[31m?[1m"Please fill all required fields"?[0m?[31m of confirmation purchase?[0m ?[90m# co.udea.edu.certification.moduloTest.stepdefinitions.blazeDemoSteps.BlazeDemoStep.shouldSeeTheMessageOfConfirmationPurchase(java.lang.String)?[0m
      ?[31mjava.lang.AssertionError: 
Expected: is <true>
     but: was <false>
	at net.serenitybdd.screenplay.ErrorTally.throwSummaryExceptionFrom(ErrorTally.java:38)
	at net.serenitybdd.screenplay.ErrorTally.reportAnyErrors(ErrorTally.java:32)
	at net.serenitybdd.screenplay.Actor.should(Actor.java:397)
	at co.udea.edu.certification.moduloTest.stepdefinitions.blazeDemoSteps.BlazeDemoStep.shouldSeeTheMessageOfConfirmationPurchase(BlazeDemoStep.java:106)
	at ✽.should see the message "Please fill all required fields" of confirmation purchase(file:///C:/Users/EQUIPO/Cosas%20x%20por%20ahí/Universidad/Calidoso/Talleres/Automatization/src/test/resources/features/BlazeDemo/BookFlight.feature:56)
?[0m

@blaze_demo @booking @outline @invalid_data
Scenario Outline: Validate required fields in purchase form                              ?[90m# src/test/resources/features/BlazeDemo/BookFlight.feature:63?[0m
  ?[32mGiven ?[0m?[32mUser opens the booking page?[0m                                                      ?[90m# co.udea.edu.certification.moduloTest.stepdefinitions.blazeDemoSteps.BlazeDemoStep.userOpensTheBookingPage()?[0m
  ?[32mWhen ?[0m?[32msearches for flights from ?[0m?[32m?[1m"Paris"?[0m?[32m to ?[0m?[32m?[1m"Buenos Aires"?[0m                               ?[90m# co.udea.edu.certification.moduloTest.stepdefinitions.blazeDemoSteps.BlazeDemoStep.searchesForFlightsFromTo(java.lang.String,java.lang.String)?[0m
  ?[32mAnd ?[0m?[32mselects the flight with the ?[0m?[32m?[1m"lowest"?[0m?[32m price?[0m                                         ?[90m# co.udea.edu.certification.moduloTest.stepdefinitions.blazeDemoSteps.BlazeDemoStep.selectsTheFlightWithThePrice(java.lang.String)?[0m
  ?[32mWhen ?[0m?[32mComplete the reservation form with:?[0m                                               ?[90m# co.udea.edu.certification.moduloTest.stepdefinitions.blazeDemoSteps.BlazeDemoStep.completeTheReservationFormWith(io.cucumber.datatable.DataTable)?[0m
    | Field        | Value            |
    | Name         | John Doe         |
    | Address      | 123 Main St      |
    | City         | Boston           |
    | State        | MA               |
    | Zip Code     | [empty]          |
    | Card Type    | Visa             |
    | Card Number  | 4111111111111111 |
    | Month        | 12               |
    | Year         | 2025             |
    | Name on card | JOHN DOE         |
  ?[32mAnd ?[0m?[32mclicks on Purchase Flight?[0m                                                          ?[90m# co.udea.edu.certification.moduloTest.stepdefinitions.blazeDemoSteps.BlazeDemoStep.clicksOnPurchaseFlight()?[0m
  ?[31mThen ?[0m?[31mshould see the message ?[0m?[31m?[1m"Please fill all required fields"?[0m?[31m of confirmation purchase?[0m ?[90m# co.udea.edu.certification.moduloTest.stepdefinitions.blazeDemoSteps.BlazeDemoStep.shouldSeeTheMessageOfConfirmationPurchase(java.lang.String)?[0m
      ?[31mjava.lang.AssertionError: 
Expected: is <true>
     but: was <false>
	at net.serenitybdd.screenplay.ErrorTally.throwSummaryExceptionFrom(ErrorTally.java:38)
	at net.serenitybdd.screenplay.ErrorTally.reportAnyErrors(ErrorTally.java:32)
	at net.serenitybdd.screenplay.Actor.should(Actor.java:397)
	at co.udea.edu.certification.moduloTest.stepdefinitions.blazeDemoSteps.BlazeDemoStep.shouldSeeTheMessageOfConfirmationPurchase(BlazeDemoStep.java:106)
	at ✽.should see the message "Please fill all required fields" of confirmation purchase(file:///C:/Users/EQUIPO/Cosas%20x%20por%20ahí/Universidad/Calidoso/Talleres/Automatization/src/test/resources/features/BlazeDemo/BookFlight.feature:56)
?[0m

@blaze_demo @booking @outline @invalid_data
Scenario Outline: Validate required fields in purchase form                              ?[90m# src/test/resources/features/BlazeDemo/BookFlight.feature:64?[0m
  ?[32mGiven ?[0m?[32mUser opens the booking page?[0m                                                      ?[90m# co.udea.edu.certification.moduloTest.stepdefinitions.blazeDemoSteps.BlazeDemoStep.userOpensTheBookingPage()?[0m
  ?[32mWhen ?[0m?[32msearches for flights from ?[0m?[32m?[1m"Paris"?[0m?[32m to ?[0m?[32m?[1m"Buenos Aires"?[0m                               ?[90m# co.udea.edu.certification.moduloTest.stepdefinitions.blazeDemoSteps.BlazeDemoStep.searchesForFlightsFromTo(java.lang.String,java.lang.String)?[0m
  ?[32mAnd ?[0m?[32mselects the flight with the ?[0m?[32m?[1m"lowest"?[0m?[32m price?[0m                                         ?[90m# co.udea.edu.certification.moduloTest.stepdefinitions.blazeDemoSteps.BlazeDemoStep.selectsTheFlightWithThePrice(java.lang.String)?[0m
  ?[31mWhen ?[0m?[31mComplete the reservation form with:?[0m                                               ?[90m# co.udea.edu.certification.moduloTest.stepdefinitions.blazeDemoSteps.BlazeDemoStep.completeTheReservationFormWith(io.cucumber.datatable.DataTable)?[0m
    | Field        | Value            |
    | Name         | John Doe         |
    | Address      | 123 Main St      |
    | City         | Boston           |
    | State        | MA               |
    | Zip Code     | 02101            |
    | Card Type    | [empty]          |
    | Card Number  | 4111111111111111 |
    | Month        | 12               |
    | Year         | 2025             |
    | Name on card | JOHN DOE         |
      ?[31mnet.thucydides.model.domain.MultipleAssertionErrors: 
The following 6 assertions failed:
1) Expected: is <true>
     but: was <false>
2) Expected: is <true>
     but: was <false>
3) Expected: is <true>
     but: was <false>
4) Expected: is <true>
     but: was <false>
5) Expected: is <true>
     but: was <false>
6) Expected: is <true>
     but: was <false>

	at net.thucydides.model.domain.TestOutcome.determineTestFailureCause(TestOutcome.java:1700)
	at net.thucydides.core.steps.BaseStepListener.testFailed(BaseStepListener.java:1351)
	at net.thucydides.core.steps.StepEventBus.testFailed(StepEventBus.java:757)
	at io.cucumber.core.plugin.SerenityReporter.handleTestCaseFinished(SerenityReporter.java:319)
	at io.cucumber.core.eventbus.AbstractEventPublisher.send(AbstractEventPublisher.java:51)
	at io.cucumber.core.eventbus.AbstractEventBus.send(AbstractEventBus.java:12)
	at io.cucumber.core.runtime.SynchronizedEventBus.send(SynchronizedEventBus.java:47)
	at io.cucumber.core.runtime.ThreadLocalRunnerSupplier$LocalEventBus.send(ThreadLocalRunnerSupplier.java:62)
	at io.cucumber.core.runner.TestCase.emitTestCaseFinished(TestCase.java:219)
	at io.cucumber.core.runner.TestCase.run(TestCase.java:98)
	at io.cucumber.core.runner.Runner.runPickle(Runner.java:75)
	at io.cucumber.junit.PickleRunners$NoStepDescriptions.lambda$run$0(PickleRunners.java:151)
	at io.cucumber.core.runtime.CucumberExecutionContext.lambda$runTestCase$5(CucumberExecutionContext.java:137)
	at io.cucumber.core.runtime.RethrowingThrowableCollector.executeAndThrow(RethrowingThrowableCollector.java:23)
	at io.cucumber.core.runtime.CucumberExecutionContext.runTestCase(CucumberExecutionContext.java:137)
	at io.cucumber.junit.PickleRunners$NoStepDescriptions.run(PickleRunners.java:148)
	at io.cucumber.junit.FeatureRunner.runChild(FeatureRunner.java:144)
	at io.cucumber.junit.FeatureRunner.runChild(FeatureRunner.java:28)
	at org.junit.runners.ParentRunner$4.run(ParentRunner.java:331)
	at org.junit.runners.ParentRunner$1.schedule(ParentRunner.java:79)
	at org.junit.runners.ParentRunner.runChildren(ParentRunner.java:329)
	at org.junit.runners.ParentRunner.access$100(ParentRunner.java:66)
	at org.junit.runners.ParentRunner$2.evaluate(ParentRunner.java:293)
	at org.junit.runners.ParentRunner$3.evaluate(ParentRunner.java:306)
	at org.junit.runners.ParentRunner.run(ParentRunner.java:413)
	at io.cucumber.junit.FeatureRunner.run(FeatureRunner.java:137)
	at io.cucumber.junit.CucumberSerenityBaseRunner.runChild(CucumberSerenityBaseRunner.java:332)
	at io.cucumber.junit.CucumberSerenityBaseRunner.runChild(CucumberSerenityBaseRunner.java:53)
	at org.junit.runners.ParentRunner$4.run(ParentRunner.java:331)
	at org.junit.runners.ParentRunner$1.schedule(ParentRunner.java:79)
	at org.junit.runners.ParentRunner.runChildren(ParentRunner.java:329)
	at org.junit.runners.ParentRunner.access$100(ParentRunner.java:66)
	at org.junit.runners.ParentRunner$2.evaluate(ParentRunner.java:293)
	at io.cucumber.junit.CucumberSerenityBaseRunner$RunCucumber.evaluate(CucumberSerenityBaseRunner.java:363)
	at org.junit.runners.ParentRunner$3.evaluate(ParentRunner.java:306)
	at org.junit.runners.ParentRunner.run(ParentRunner.java:413)
	at org.gradle.api.internal.tasks.testing.junit.JUnitTestClassExecutor.runTestClass(JUnitTestClassExecutor.java:112)
	at org.gradle.api.internal.tasks.testing.junit.JUnitTestClassExecutor.execute(JUnitTestClassExecutor.java:58)
	at org.gradle.api.internal.tasks.testing.junit.JUnitTestClassExecutor.execute(JUnitTestClassExecutor.java:40)
	at org.gradle.api.internal.tasks.testing.junit.AbstractJUnitTestClassProcessor.processTestClass(AbstractJUnitTestClassProcessor.java:60)
	at org.gradle.api.internal.tasks.testing.SuiteTestClassProcessor.processTestClass(SuiteTestClassProcessor.java:52)
	at java.base/jdk.internal.reflect.NativeMethodAccessorImpl.invoke0(Native Method)
	at java.base/jdk.internal.reflect.NativeMethodAccessorImpl.invoke(NativeMethodAccessorImpl.java:77)
	at java.base/jdk.internal.reflect.DelegatingMethodAccessorImpl.invoke(DelegatingMethodAccessorImpl.java:43)
	at java.base/java.lang.reflect.Method.invoke(Method.java:568)
	at org.gradle.internal.dispatch.ReflectionDispatch.dispatch(ReflectionDispatch.java:36)
	at org.gradle.internal.dispatch.ReflectionDispatch.dispatch(ReflectionDispatch.java:24)
	at org.gradle.internal.dispatch.ContextClassLoaderDispatch.dispatch(ContextClassLoaderDispatch.java:33)
	at org.gradle.internal.dispatch.ProxyDispatchAdapter$DispatchingInvocationHandler.invoke(ProxyDispatchAdapter.java:94)
	at jdk.proxy1/jdk.proxy1.$Proxy2.processTestClass(Unknown Source)
	at org.gradle.api.internal.tasks.testing.worker.TestWorker$2.run(TestWorker.java:176)
	at org.gradle.api.internal.tasks.testing.worker.TestWorker.executeAndMaintainThreadName(TestWorker.java:129)
	at org.gradle.api.internal.tasks.testing.worker.TestWorker.execute(TestWorker.java:100)
	at org.gradle.api.internal.tasks.testing.worker.TestWorker.execute(TestWorker.java:60)
	at org.gradle.process.internal.worker.child.ActionExecutionWorker.execute(ActionExecutionWorker.java:56)
	at org.gradle.process.internal.worker.child.SystemApplicationClassLoaderWorker.call(SystemApplicationClassLoaderWorker.java:113)
	at org.gradle.process.internal.worker.child.SystemApplicationClassLoaderWorker.call(SystemApplicationClassLoaderWorker.java:65)
	at worker.org.gradle.process.internal.worker.GradleWorkerMain.run(GradleWorkerMain.java:69)
	at worker.org.gradle.process.internal.worker.GradleWorkerMain.main(GradleWorkerMain.java:74)
	at ✽.Complete the reservation form with:(file:///C:/Users/EQUIPO/Cosas%20x%20por%20ahí/Universidad/Calidoso/Talleres/Automatization/src/test/resources/features/BlazeDemo/BookFlight.feature:43)
?[0m
  ?[36mAnd ?[0m?[36mclicks on Purchase Flight?[0m                                                          ?[90m# co.udea.edu.certification.moduloTest.stepdefinitions.blazeDemoSteps.BlazeDemoStep.clicksOnPurchaseFlight()?[0m
  ?[36mThen ?[0m?[36mshould see the message ?[0m?[36m?[1m"Please fill all required fields"?[0m?[36m of confirmation purchase?[0m ?[90m# co.udea.edu.certification.moduloTest.stepdefinitions.blazeDemoSteps.BlazeDemoStep.shouldSeeTheMessageOfConfirmationPurchase(java.lang.String)?[0m

@blaze_demo @booking @outline @invalid_data
Scenario Outline: Validate required fields in purchase form                              ?[90m# src/test/resources/features/BlazeDemo/BookFlight.feature:65?[0m
  ?[32mGiven ?[0m?[32mUser opens the booking page?[0m                                                      ?[90m# co.udea.edu.certification.moduloTest.stepdefinitions.blazeDemoSteps.BlazeDemoStep.userOpensTheBookingPage()?[0m
  ?[32mWhen ?[0m?[32msearches for flights from ?[0m?[32m?[1m"Paris"?[0m?[32m to ?[0m?[32m?[1m"Buenos Aires"?[0m                               ?[90m# co.udea.edu.certification.moduloTest.stepdefinitions.blazeDemoSteps.BlazeDemoStep.searchesForFlightsFromTo(java.lang.String,java.lang.String)?[0m
  ?[32mAnd ?[0m?[32mselects the flight with the ?[0m?[32m?[1m"lowest"?[0m?[32m price?[0m                                         ?[90m# co.udea.edu.certification.moduloTest.stepdefinitions.blazeDemoSteps.BlazeDemoStep.selectsTheFlightWithThePrice(java.lang.String)?[0m
  ?[32mWhen ?[0m?[32mComplete the reservation form with:?[0m                                               ?[90m# co.udea.edu.certification.moduloTest.stepdefinitions.blazeDemoSteps.BlazeDemoStep.completeTheReservationFormWith(io.cucumber.datatable.DataTable)?[0m
    | Field        | Value       |
    | Name         | John Doe    |
    | Address      | 123 Main St |
    | City         | Boston      |
    | State        | MA          |
    | Zip Code     | 02101       |
    | Card Type    | Visa        |
    | Card Number  | [empty]     |
    | Month        | 12          |
    | Year         | 2025        |
    | Name on card | JOHN DOE    |
  ?[32mAnd ?[0m?[32mclicks on Purchase Flight?[0m                                                          ?[90m# co.udea.edu.certification.moduloTest.stepdefinitions.blazeDemoSteps.BlazeDemoStep.clicksOnPurchaseFlight()?[0m
  ?[31mThen ?[0m?[31mshould see the message ?[0m?[31m?[1m"Please fill all required fields"?[0m?[31m of confirmation purchase?[0m ?[90m# co.udea.edu.certification.moduloTest.stepdefinitions.blazeDemoSteps.BlazeDemoStep.shouldSeeTheMessageOfConfirmationPurchase(java.lang.String)?[0m
      ?[31mjava.lang.AssertionError: 
Expected: is <true>
     but: was <false>
	at net.serenitybdd.screenplay.ErrorTally.throwSummaryExceptionFrom(ErrorTally.java:38)
	at net.serenitybdd.screenplay.ErrorTally.reportAnyErrors(ErrorTally.java:32)
	at net.serenitybdd.screenplay.Actor.should(Actor.java:397)
	at co.udea.edu.certification.moduloTest.stepdefinitions.blazeDemoSteps.BlazeDemoStep.shouldSeeTheMessageOfConfirmationPurchase(BlazeDemoStep.java:106)
	at ✽.should see the message "Please fill all required fields" of confirmation purchase(file:///C:/Users/EQUIPO/Cosas%20x%20por%20ahí/Universidad/Calidoso/Talleres/Automatization/src/test/resources/features/BlazeDemo/BookFlight.feature:56)
?[0m

@blaze_demo @booking @outline @invalid_data
Scenario Outline: Validate required fields in purchase form                              ?[90m# src/test/resources/features/BlazeDemo/BookFlight.feature:66?[0m
  ?[32mGiven ?[0m?[32mUser opens the booking page?[0m                                                      ?[90m# co.udea.edu.certification.moduloTest.stepdefinitions.blazeDemoSteps.BlazeDemoStep.userOpensTheBookingPage()?[0m
  ?[32mWhen ?[0m?[32msearches for flights from ?[0m?[32m?[1m"Paris"?[0m?[32m to ?[0m?[32m?[1m"Buenos Aires"?[0m                               ?[90m# co.udea.edu.certification.moduloTest.stepdefinitions.blazeDemoSteps.BlazeDemoStep.searchesForFlightsFromTo(java.lang.String,java.lang.String)?[0m
  ?[32mAnd ?[0m?[32mselects the flight with the ?[0m?[32m?[1m"lowest"?[0m?[32m price?[0m                                         ?[90m# co.udea.edu.certification.moduloTest.stepdefinitions.blazeDemoSteps.BlazeDemoStep.selectsTheFlightWithThePrice(java.lang.String)?[0m
  ?[32mWhen ?[0m?[32mComplete the reservation form with:?[0m                                               ?[90m# co.udea.edu.certification.moduloTest.stepdefinitions.blazeDemoSteps.BlazeDemoStep.completeTheReservationFormWith(io.cucumber.datatable.DataTable)?[0m
    | Field        | Value            |
    | Name         | John Doe         |
    | Address      | 123 Main St      |
    | City         | Boston           |
    | State        | MA               |
    | Zip Code     | 02101            |
    | Card Type    | Visa             |
    | Card Number  | 4111111111111111 |
    | Month        | [empty]          |
    | Year         | 2025             |
    | Name on card | JOHN DOE         |
  ?[32mAnd ?[0m?[32mclicks on Purchase Flight?[0m                                                          ?[90m# co.udea.edu.certification.moduloTest.stepdefinitions.blazeDemoSteps.BlazeDemoStep.clicksOnPurchaseFlight()?[0m
  ?[31mThen ?[0m?[31mshould see the message ?[0m?[31m?[1m"Please fill all required fields"?[0m?[31m of confirmation purchase?[0m ?[90m# co.udea.edu.certification.moduloTest.stepdefinitions.blazeDemoSteps.BlazeDemoStep.shouldSeeTheMessageOfConfirmationPurchase(java.lang.String)?[0m
      ?[31mjava.lang.AssertionError: 
Expected: is <true>
     but: was <false>
	at net.serenitybdd.screenplay.ErrorTally.throwSummaryExceptionFrom(ErrorTally.java:38)
	at net.serenitybdd.screenplay.ErrorTally.reportAnyErrors(ErrorTally.java:32)
	at net.serenitybdd.screenplay.Actor.should(Actor.java:397)
	at co.udea.edu.certification.moduloTest.stepdefinitions.blazeDemoSteps.BlazeDemoStep.shouldSeeTheMessageOfConfirmationPurchase(BlazeDemoStep.java:106)
	at ✽.should see the message "Please fill all required fields" of confirmation purchase(file:///C:/Users/EQUIPO/Cosas%20x%20por%20ahí/Universidad/Calidoso/Talleres/Automatization/src/test/resources/features/BlazeDemo/BookFlight.feature:56)
?[0m

@blaze_demo @booking @outline @invalid_data
Scenario Outline: Validate required fields in purchase form                              ?[90m# src/test/resources/features/BlazeDemo/BookFlight.feature:67?[0m
  ?[32mGiven ?[0m?[32mUser opens the booking page?[0m                                                      ?[90m# co.udea.edu.certification.moduloTest.stepdefinitions.blazeDemoSteps.BlazeDemoStep.userOpensTheBookingPage()?[0m
  ?[32mWhen ?[0m?[32msearches for flights from ?[0m?[32m?[1m"Paris"?[0m?[32m to ?[0m?[32m?[1m"Buenos Aires"?[0m                               ?[90m# co.udea.edu.certification.moduloTest.stepdefinitions.blazeDemoSteps.BlazeDemoStep.searchesForFlightsFromTo(java.lang.String,java.lang.String)?[0m
  ?[32mAnd ?[0m?[32mselects the flight with the ?[0m?[32m?[1m"lowest"?[0m?[32m price?[0m                                         ?[90m# co.udea.edu.certification.moduloTest.stepdefinitions.blazeDemoSteps.BlazeDemoStep.selectsTheFlightWithThePrice(java.lang.String)?[0m
  ?[32mWhen ?[0m?[32mComplete the reservation form with:?[0m                                               ?[90m# co.udea.edu.certification.moduloTest.stepdefinitions.blazeDemoSteps.BlazeDemoStep.completeTheReservationFormWith(io.cucumber.datatable.DataTable)?[0m
    | Field        | Value            |
    | Name         | John Doe         |
    | Address      | 123 Main St      |
    | City         | Boston           |
    | State        | MA               |
    | Zip Code     | 02101            |
    | Card Type    | Visa             |
    | Card Number  | 4111111111111111 |
    | Month        | 12               |
    | Year         | [empty]          |
    | Name on card | JOHN DOE         |
  ?[32mAnd ?[0m?[32mclicks on Purchase Flight?[0m                                                          ?[90m# co.udea.edu.certification.moduloTest.stepdefinitions.blazeDemoSteps.BlazeDemoStep.clicksOnPurchaseFlight()?[0m
  ?[31mThen ?[0m?[31mshould see the message ?[0m?[31m?[1m"Please fill all required fields"?[0m?[31m of confirmation purchase?[0m ?[90m# co.udea.edu.certification.moduloTest.stepdefinitions.blazeDemoSteps.BlazeDemoStep.shouldSeeTheMessageOfConfirmationPurchase(java.lang.String)?[0m
      ?[31mjava.lang.AssertionError: 
Expected: is <true>
     but: was <false>
	at net.serenitybdd.screenplay.ErrorTally.throwSummaryExceptionFrom(ErrorTally.java:38)
	at net.serenitybdd.screenplay.ErrorTally.reportAnyErrors(ErrorTally.java:32)
	at net.serenitybdd.screenplay.Actor.should(Actor.java:397)
	at co.udea.edu.certification.moduloTest.stepdefinitions.blazeDemoSteps.BlazeDemoStep.shouldSeeTheMessageOfConfirmationPurchase(BlazeDemoStep.java:106)
	at ✽.should see the message "Please fill all required fields" of confirmation purchase(file:///C:/Users/EQUIPO/Cosas%20x%20por%20ahí/Universidad/Calidoso/Talleres/Automatization/src/test/resources/features/BlazeDemo/BookFlight.feature:56)
?[0m

@blaze_demo @booking @outline @invalid_data
Scenario Outline: Validate required fields in purchase form                              ?[90m# src/test/resources/features/BlazeDemo/BookFlight.feature:68?[0m
  ?[32mGiven ?[0m?[32mUser opens the booking page?[0m                                                      ?[90m# co.udea.edu.certification.moduloTest.stepdefinitions.blazeDemoSteps.BlazeDemoStep.userOpensTheBookingPage()?[0m
  ?[32mWhen ?[0m?[32msearches for flights from ?[0m?[32m?[1m"Paris"?[0m?[32m to ?[0m?[32m?[1m"Buenos Aires"?[0m                               ?[90m# co.udea.edu.certification.moduloTest.stepdefinitions.blazeDemoSteps.BlazeDemoStep.searchesForFlightsFromTo(java.lang.String,java.lang.String)?[0m
  ?[32mAnd ?[0m?[32mselects the flight with the ?[0m?[32m?[1m"lowest"?[0m?[32m price?[0m                                         ?[90m# co.udea.edu.certification.moduloTest.stepdefinitions.blazeDemoSteps.BlazeDemoStep.selectsTheFlightWithThePrice(java.lang.String)?[0m
  ?[32mWhen ?[0m?[32mComplete the reservation form with:?[0m                                               ?[90m# co.udea.edu.certification.moduloTest.stepdefinitions.blazeDemoSteps.BlazeDemoStep.completeTheReservationFormWith(io.cucumber.datatable.DataTable)?[0m
    | Field        | Value            |
    | Name         | John Doe         |
    | Address      | 123 Main St      |
    | City         | Boston           |
    | State        | MA               |
    | Zip Code     | 02101            |
    | Card Type    | Visa             |
    | Card Number  | 4111111111111111 |
    | Month        | 12               |
    | Year         | 2025             |
    | Name on card | [empty]          |
  ?[32mAnd ?[0m?[32mclicks on Purchase Flight?[0m                                                          ?[90m# co.udea.edu.certification.moduloTest.stepdefinitions.blazeDemoSteps.BlazeDemoStep.clicksOnPurchaseFlight()?[0m
  ?[31mThen ?[0m?[31mshould see the message ?[0m?[31m?[1m"Please fill all required fields"?[0m?[31m of confirmation purchase?[0m ?[90m# co.udea.edu.certification.moduloTest.stepdefinitions.blazeDemoSteps.BlazeDemoStep.shouldSeeTheMessageOfConfirmationPurchase(java.lang.String)?[0m
      ?[31mjava.lang.AssertionError: 
Expected: is <true>
     but: was <false>
	at net.serenitybdd.screenplay.ErrorTally.throwSummaryExceptionFrom(ErrorTally.java:38)
	at net.serenitybdd.screenplay.ErrorTally.reportAnyErrors(ErrorTally.java:32)
	at net.serenitybdd.screenplay.Actor.should(Actor.java:397)
	at co.udea.edu.certification.moduloTest.stepdefinitions.blazeDemoSteps.BlazeDemoStep.shouldSeeTheMessageOfConfirmationPurchase(BlazeDemoStep.java:106)
	at ✽.should see the message "Please fill all required fields" of confirmation purchase(file:///C:/Users/EQUIPO/Cosas%20x%20por%20ahí/Universidad/Calidoso/Talleres/Automatization/src/test/resources/features/BlazeDemo/BookFlight.feature:56)
?[0m

@blaze_demo @booking @outline @invalid_data
Scenario Outline: Validate required fields in purchase form                              ?[90m# src/test/resources/features/BlazeDemo/BookFlight.feature:69?[0m
  ?[32mGiven ?[0m?[32mUser opens the booking page?[0m                                                      ?[90m# co.udea.edu.certification.moduloTest.stepdefinitions.blazeDemoSteps.BlazeDemoStep.userOpensTheBookingPage()?[0m
  ?[32mWhen ?[0m?[32msearches for flights from ?[0m?[32m?[1m"Paris"?[0m?[32m to ?[0m?[32m?[1m"Buenos Aires"?[0m                               ?[90m# co.udea.edu.certification.moduloTest.stepdefinitions.blazeDemoSteps.BlazeDemoStep.searchesForFlightsFromTo(java.lang.String,java.lang.String)?[0m
  ?[32mAnd ?[0m?[32mselects the flight with the ?[0m?[32m?[1m"lowest"?[0m?[32m price?[0m                                         ?[90m# co.udea.edu.certification.moduloTest.stepdefinitions.blazeDemoSteps.BlazeDemoStep.selectsTheFlightWithThePrice(java.lang.String)?[0m
  ?[32mWhen ?[0m?[32mComplete the reservation form with:?[0m                                               ?[90m# co.udea.edu.certification.moduloTest.stepdefinitions.blazeDemoSteps.BlazeDemoStep.completeTheReservationFormWith(io.cucumber.datatable.DataTable)?[0m
    | Field        | Value            |
    | Name         | José Luis        |
    | Address      | 789 Pine Street  |
    | City         | Bogotá           |
    | State        | NY               |
    | Zip Code     | 10001            |
    | Card Type    | Visa             |
    | Card Number  | 6011111111111117 |
    | Month        | 05               |
    | Year         | 2026             |
    | Name on card | ROBERT BROWN     |
  ?[32mAnd ?[0m?[32mclicks on Purchase Flight?[0m                                                          ?[90m# co.udea.edu.certification.moduloTest.stepdefinitions.blazeDemoSteps.BlazeDemoStep.clicksOnPurchaseFlight()?[0m
  ?[31mThen ?[0m?[31mshould see the message ?[0m?[31m?[1m"Please fill all required fields"?[0m?[31m of confirmation purchase?[0m ?[90m# co.udea.edu.certification.moduloTest.stepdefinitions.blazeDemoSteps.BlazeDemoStep.shouldSeeTheMessageOfConfirmationPurchase(java.lang.String)?[0m
      ?[31mjava.lang.AssertionError: 
Expected: is <true>
     but: was <false>
	at net.serenitybdd.screenplay.ErrorTally.throwSummaryExceptionFrom(ErrorTally.java:38)
	at net.serenitybdd.screenplay.ErrorTally.reportAnyErrors(ErrorTally.java:32)
	at net.serenitybdd.screenplay.Actor.should(Actor.java:397)
	at co.udea.edu.certification.moduloTest.stepdefinitions.blazeDemoSteps.BlazeDemoStep.shouldSeeTheMessageOfConfirmationPurchase(BlazeDemoStep.java:106)
	at ✽.should see the message "Please fill all required fields" of confirmation purchase(file:///C:/Users/EQUIPO/Cosas%20x%20por%20ahí/Universidad/Calidoso/Talleres/Automatization/src/test/resources/features/BlazeDemo/BookFlight.feature:56)
?[0m

@blaze_demo @booking @outline @invalid_data
Scenario Outline: Validate required fields in purchase form                              ?[90m# src/test/resources/features/BlazeDemo/BookFlight.feature:70?[0m
  ?[32mGiven ?[0m?[32mUser opens the booking page?[0m                                                      ?[90m# co.udea.edu.certification.moduloTest.stepdefinitions.blazeDemoSteps.BlazeDemoStep.userOpensTheBookingPage()?[0m
  ?[32mWhen ?[0m?[32msearches for flights from ?[0m?[32m?[1m"Paris"?[0m?[32m to ?[0m?[32m?[1m"Buenos Aires"?[0m                               ?[90m# co.udea.edu.certification.moduloTest.stepdefinitions.blazeDemoSteps.BlazeDemoStep.searchesForFlightsFromTo(java.lang.String,java.lang.String)?[0m
  ?[32mAnd ?[0m?[32mselects the flight with the ?[0m?[32m?[1m"lowest"?[0m?[32m price?[0m                                         ?[90m# co.udea.edu.certification.moduloTest.stepdefinitions.blazeDemoSteps.BlazeDemoStep.selectsTheFlightWithThePrice(java.lang.String)?[0m
  ?[32mWhen ?[0m?[32mComplete the reservation form with:?[0m                                               ?[90m# co.udea.edu.certification.moduloTest.stepdefinitions.blazeDemoSteps.BlazeDemoStep.completeTheReservationFormWith(io.cucumber.datatable.DataTable)?[0m
    | Field        | Value           |
    | Name         | Jose Luis       |
    | Address      | 789 Pine Street |
    | City         | Bogota          |
    | State        | NY              |
    | Zip Code     | 10001           |
    | Card Type    | Visa            |
    | Card Number  | 0               |
    | Month        | 0               |
    | Year         | 0               |
    | Name on card | ROBERT BROWN    |
  ?[32mAnd ?[0m?[32mclicks on Purchase Flight?[0m                                                          ?[90m# co.udea.edu.certification.moduloTest.stepdefinitions.blazeDemoSteps.BlazeDemoStep.clicksOnPurchaseFlight()?[0m
  ?[31mThen ?[0m?[31mshould see the message ?[0m?[31m?[1m"Please fill all required fields"?[0m?[31m of confirmation purchase?[0m ?[90m# co.udea.edu.certification.moduloTest.stepdefinitions.blazeDemoSteps.BlazeDemoStep.shouldSeeTheMessageOfConfirmationPurchase(java.lang.String)?[0m
      ?[31mjava.lang.AssertionError: 
Expected: is <true>
     but: was <false>
	at net.serenitybdd.screenplay.ErrorTally.throwSummaryExceptionFrom(ErrorTally.java:38)
	at net.serenitybdd.screenplay.ErrorTally.reportAnyErrors(ErrorTally.java:32)
	at net.serenitybdd.screenplay.Actor.should(Actor.java:397)
	at co.udea.edu.certification.moduloTest.stepdefinitions.blazeDemoSteps.BlazeDemoStep.shouldSeeTheMessageOfConfirmationPurchase(BlazeDemoStep.java:106)
	at ✽.should see the message "Please fill all required fields" of confirmation purchase(file:///C:/Users/EQUIPO/Cosas%20x%20por%20ahí/Universidad/Calidoso/Talleres/Automatization/src/test/resources/features/BlazeDemo/BookFlight.feature:56)
?[0m

@blaze_demo @booking @outline @invalid_data
Scenario Outline: Validate required fields in purchase form                              ?[90m# src/test/resources/features/BlazeDemo/BookFlight.feature:71?[0m
  ?[32mGiven ?[0m?[32mUser opens the booking page?[0m                                                      ?[90m# co.udea.edu.certification.moduloTest.stepdefinitions.blazeDemoSteps.BlazeDemoStep.userOpensTheBookingPage()?[0m
  ?[32mWhen ?[0m?[32msearches for flights from ?[0m?[32m?[1m"Paris"?[0m?[32m to ?[0m?[32m?[1m"Buenos Aires"?[0m                               ?[90m# co.udea.edu.certification.moduloTest.stepdefinitions.blazeDemoSteps.BlazeDemoStep.searchesForFlightsFromTo(java.lang.String,java.lang.String)?[0m
  ?[32mAnd ?[0m?[32mselects the flight with the ?[0m?[32m?[1m"lowest"?[0m?[32m price?[0m                                         ?[90m# co.udea.edu.certification.moduloTest.stepdefinitions.blazeDemoSteps.BlazeDemoStep.selectsTheFlightWithThePrice(java.lang.String)?[0m
  ?[32mWhen ?[0m?[32mComplete the reservation form with:?[0m                                               ?[90m# co.udea.edu.certification.moduloTest.stepdefinitions.blazeDemoSteps.BlazeDemoStep.completeTheReservationFormWith(io.cucumber.datatable.DataTable)?[0m
    | Field        | Value           |
    | Name         | Jose Luis       |
    | Address      | 789 Pine Street |
    | City         | Bogota          |
    | State        | NY              |
    | Zip Code     | 10001           |
    | Card Type    | Visa            |
    | Card Number  | a               |
    | Month        | b               |
    | Year         | c               |
    | Name on card | ROBERT BROWN    |
  ?[32mAnd ?[0m?[32mclicks on Purchase Flight?[0m                                                          ?[90m# co.udea.edu.certification.moduloTest.stepdefinitions.blazeDemoSteps.BlazeDemoStep.clicksOnPurchaseFlight()?[0m
  ?[31mThen ?[0m?[31mshould see the message ?[0m?[31m?[1m"Please fill all required fields"?[0m?[31m of confirmation purchase?[0m ?[90m# co.udea.edu.certification.moduloTest.stepdefinitions.blazeDemoSteps.BlazeDemoStep.shouldSeeTheMessageOfConfirmationPurchase(java.lang.String)?[0m
      ?[31mjava.lang.AssertionError: 
Expected: is <true>
     but: was <false>
	at net.serenitybdd.screenplay.ErrorTally.throwSummaryExceptionFrom(ErrorTally.java:38)
	at net.serenitybdd.screenplay.ErrorTally.reportAnyErrors(ErrorTally.java:32)
	at net.serenitybdd.screenplay.Actor.should(Actor.java:397)
	at co.udea.edu.certification.moduloTest.stepdefinitions.blazeDemoSteps.BlazeDemoStep.shouldSeeTheMessageOfConfirmationPurchase(BlazeDemoStep.java:106)
	at ✽.should see the message "Please fill all required fields" of confirmation purchase(file:///C:/Users/EQUIPO/Cosas%20x%20por%20ahí/Universidad/Calidoso/Talleres/Automatization/src/test/resources/features/BlazeDemo/BookFlight.feature:56)
?[0m
]]></system-out>
  <system-err><![CDATA[[Test worker] INFO  - 
  _____   ___   ___   _____     ___   _____     _     ___   _____   ___   ___  
 |_   _| | __| / __| |_   _|   / __| |_   _|   /_\   | _ \ |_   _| | __| |   \ 
   | |   | _|  \__ \   | |     \__ \   | |    / _ \  |   /   | |   | _|  | |) |
   |_|   |___| |___/   |_|     |___/   |_|   /_/ \_\ |_|_\   |_|   |___| |___/ 

Complete purchase with valid data(book-flight;complete-purchase-with-valid-data)
--------------------------------------------------------------------------------
[Test worker] INFO  - ?[92m|-- 1: Complete purchase with valid data ({name=John Doe, address=123 Main St, city=Boston, state=MA, zip=02101, cardType=Visa, card=4111111111111111, month=12, year=2025, nameOnCard=JOHN DOE})?[0m
[Test worker] INFO  - ?[92m|---- Given User opens the booking page?[0m
[Test worker] INFO  - ?[92m|------ Customer navigates to Sauce Demo?[0m
[Test worker] INFO  - ?[92m|-------- Customer opens the browser at https://blazedemo.com/?[0m
[Test worker] INFO net.serenitybdd.core.webdriver.driverproviders.ChromeDriverProvider - Starting Chrome driver instance with capabilities:
[Test worker] INFO net.serenitybdd.core.webdriver.driverproviders.ChromeDriverProvider - Capabilities {acceptInsecureCerts: true, browserName: chrome, goog:chromeOptions: {args: [--start-maximized, --test-type, --no-sandbox, --ignore-certificate-errors, \n                   --disa..., --disable-default-apps, --disable-extensions-file-a..., \n                   --inco..., --disable-infobars,--disabl..., --remote-allow-origins=*], extensions: []}}
nov. 22, 2025 6:31:37 A. M. org.openqa.selenium.devtools.CdpVersionFinder findNearestMatch
WARNING: Unable to find CDP implementation matching 142
nov. 22, 2025 6:31:37 A. M. org.openqa.selenium.chromium.ChromiumDriver lambda$new$5
WARNING: Unable to find version of CDP to use for 142.0.7444.176. You may need to include a dependency on a specific version of the CDP using something similar to `org.seleniumhq.selenium:selenium-devtools-v86:4.16.1` where the version ("v86") matches the version of the chromium-based browser you're using and the version number of the artifact is the same as Selenium's.
[Test worker] INFO net.serenitybdd.core.webdriver.driverproviders.ChromeDriverProvider - Starting Chrome driver instance with capabilities:
[Test worker] INFO net.serenitybdd.core.webdriver.driverproviders.ChromeDriverProvider - Capabilities {acceptInsecureCerts: true, browserName: chrome, goog:chromeOptions: {args: [--start-maximized, --test-type, --no-sandbox, --ignore-certificate-errors, \n                   --disa..., --disable-default-apps, --disable-extensions-file-a..., \n                   --inco..., --disable-infobars,--disabl..., --remote-allow-origins=*], extensions: []}}
nov. 22, 2025 6:31:40 A. M. org.openqa.selenium.devtools.CdpVersionFinder findNearestMatch
WARNING: Unable to find CDP implementation matching 142
nov. 22, 2025 6:31:40 A. M. org.openqa.selenium.chromium.ChromiumDriver lambda$new$5
WARNING: Unable to find version of CDP to use for 142.0.7444.176. You may need to include a dependency on a specific version of the CDP using something similar to `org.seleniumhq.selenium:selenium-devtools-v86:4.16.1` where the version ("v86") matches the version of the chromium-based browser you're using and the version number of the artifact is the same as Selenium's.
[Test worker] INFO  - ?[92m|---- When searches for flights from "Paris" to "Buenos Aires"?[0m
[Test worker] INFO  - ?[92m|------ Customer select dropdown value?[0m
[Test worker] INFO  - ?[92m|-------- Customer selects Paris on origin field?[0m
[Test worker] INFO  - ?[92m|------ Customer select dropdown value?[0m
[Test worker] INFO  - ?[92m|-------- Customer selects Buenos Aires on destination field?[0m
[Test worker] INFO  - ?[92m|------ Customer clicks?[0m
[Test worker] INFO  - ?[92m|-------- Customer clicks on find flights button?[0m
[Test worker] INFO  - ?[92m|---- And selects the flight with the "lowest" price?[0m
[Test worker] INFO  - ?[92m|------ Customer clicks?[0m
[Test worker] INFO  - ?[92m|-------- Customer clicks on BotÃ³n seleccionar vuelo 3?[0m
[Test worker] INFO  - ?[92m|---- When Complete the reservation form with:
| Field | Value |
| Name | John Doe |
| Address | 123 Main St |
| City | Boston |
| State | MA |
| Zip Code | 02101 |
| Card Type | Visa |
| Card Number | 4111111111111111 |
| Month | 12 |
| Year | 2025 |
| Name on card | JOHN DOE |?[0m
[Test worker] INFO  - ?[92m|------ Customer fills the purchase form?[0m
[Test worker] INFO  - ?[92m|-------- Customer enters 'John Doe' into campo nombre?[0m
[Test worker] INFO  - ?[92m|-------- Customer enters '123 Main St' into campo direcciÃ³n?[0m
[Test worker] INFO  - ?[92m|-------- Customer enters 'Boston' into campo ciudad?[0m
[Test worker] INFO  - ?[92m|-------- Customer enters 'MA' into campo estado?[0m
[Test worker] INFO  - ?[92m|-------- Customer enters '02101' into campo cÃ³digo postal?[0m
[Test worker] INFO  - ?[92m|-------- Customer selects Visa on dropdown tipo de tarjeta?[0m
[Test worker] INFO  - ?[92m|-------- Customer enters '4111111111111111' into campo nÃºmero de tarjeta?[0m
[Test worker] INFO  - ?[92m|-------- Customer enters '12' into campo mes?[0m
[Test worker] INFO  - ?[92m|-------- Customer enters '2025' into campo aÃ±o?[0m
[Test worker] INFO  - ?[92m|-------- Customer enters 'JOHN DOE' into campo nombre en la tarjeta?[0m
[Test worker] INFO  - ?[92m|---- And clicks on Purchase Flight?[0m
[Test worker] INFO  - ?[92m|------ Customer clicks?[0m
[Test worker] INFO  - ?[92m|-------- Customer clicks on botÃ³n para completar la compra?[0m
[Test worker] INFO  - ?[92m|---- Then should see the message "Thank you for your purchase today!" of confirmation purchase?[0m
[Test worker] INFO  - ?[92m|------ Then mensaje de confirmaci&Atilde;&sup3;n should be (true)?[0m
[Test worker] INFO  - ?[92m
  _____   ___   ___   _____     ___     _     ___   ___   ___   ___  
 |_   _| | __| / __| |_   _|   | _ \   /_\   / __| / __| | __| |   \ 
   | |   | _|  \__ \   | |     |  _/  / _ \  \__ \ \__ \ | _|  | |) |
   |_|   |___| |___/   |_|     |_|   /_/ \_\ |___/ |___/ |___| |___/ 

Complete purchase with valid data
----------------------------------------------------------------------?[0m
[Test worker] INFO  - ?[92m|-- 2: Complete purchase with valid data ({name=Jane Smith, address=456 Oak Ave, city=London, state=N/A, zip=SW1A 1AA, cardType=Diner's Club, card=5500000000000004, month=08, year=2026, nameOnCard=JANE SMITH})?[0m
[Test worker] INFO  - ?[92m|---- Given User opens the booking page?[0m
[Test worker] INFO  - ?[92m|------ Customer navigates to Sauce Demo?[0m
[Test worker] INFO  - ?[92m|-------- Customer opens the browser at https://blazedemo.com/?[0m
[...]
[Test worker] INFO  - ?[92m|---------------------------------------------------------------- Customer selects Buenos Aires on destination field?[0m
[Test worker] INFO  - ?[92m|-------------------------------------------------------------- Customer clicks?[0m
[Test worker] INFO  - ?[92m|---------------------------------------------------------------- Customer clicks on find flights button?[0m
[Test worker] INFO  - ?[92m|------------------------------------------------------------ And selects the flight with the "lowest" price?[0m
[Test worker] INFO  - ?[92m|-------------------------------------------------------------- Customer clicks?[0m
[Test worker] INFO  - ?[92m|---------------------------------------------------------------- Customer clicks on BotÃ³n seleccionar vuelo 3?[0m
[Test worker] INFO  - ?[92m|------------------------------------------------------------ When Complete the reservation form with:
| Field | Value |
| Name | John Doe |
| Address | 123 Main St |
| City | Boston |
| State | MA |
| Zip Code | 02101 |
| Card Type | Visa |
| Card Number | 4111111111111111 |
| Month | 12 |
| Year | 2025 |
| Name on card |  |?[0m
[Test worker] INFO  - ?[92m|-------------------------------------------------------------- Customer fills the purchase form?[0m
[Test worker] INFO  - ?[92m|---------------------------------------------------------------- Customer enters 'John Doe' into campo nombre?[0m
[Test worker] INFO  - ?[92m|---------------------------------------------------------------- Customer enters '123 Main St' into campo direcciÃ³n?[0m
[Test worker] INFO  - ?[92m|---------------------------------------------------------------- Customer enters 'Boston' into campo ciudad?[0m
[Test worker] INFO  - ?[92m|---------------------------------------------------------------- Customer enters 'MA' into campo estado?[0m
[Test worker] INFO  - ?[92m|---------------------------------------------------------------- Customer enters '02101' into campo cÃ³digo postal?[0m
[Test worker] INFO  - ?[92m|---------------------------------------------------------------- Customer selects Visa on dropdown tipo de tarjeta?[0m
[Test worker] INFO  - ?[92m|---------------------------------------------------------------- Customer enters '4111111111111111' into campo nÃºmero de tarjeta?[0m
[Test worker] INFO  - ?[92m|---------------------------------------------------------------- Customer enters '12' into campo mes?[0m
[Test worker] INFO  - ?[92m|---------------------------------------------------------------- Customer enters '2025' into campo aÃ±o?[0m
[Test worker] INFO  - ?[92m|---------------------------------------------------------------- Customer enters '' into campo nombre en la tarjeta?[0m
[Test worker] INFO  - ?[92m|------------------------------------------------------------ And clicks on Purchase Flight?[0m
[Test worker] INFO  - ?[92m|-------------------------------------------------------------- Customer clicks?[0m
[Test worker] INFO  - ?[92m|---------------------------------------------------------------- Customer clicks on botÃ³n para completar la compra?[0m
[Test worker] INFO  - ?[92m|------------------------------------------------------------ Then should see the message "Please fill all required fields" of confirmation purchase?[0m
[Test worker] INFO  - ?[92m|-------------------------------------------------------------- Then mensaje de confirmaci&Atilde;&sup3;n should be (true)?[0m
[Test worker] INFO  - ?[91mSTEP FAILURE: java.lang.AssertionError: 
Expected: is <true>
     but: was <false>?[0m
[Test worker] INFO  - ?[91mSTEP FAILURE: java.lang.AssertionError: 
Expected: is <true>
     but: was <false>?[0m
[Test worker] INFO  - ?[91mSTEP FAILURE: java.lang.AssertionError: 
Expected: is <true>
     but: was <false>?[0m
[Test worker] INFO  - ?[92m|---------------------------------------------------------------- 11: Validate required fields in purchase form ({name=José Luis, address=789 Pine Street, city=Bogotá, state=NY, zip=10001, cardType=Visa, card=6011111111111117, month=05, year=2026, nameOnCard=ROBERT BROWN})?[0m
[Test worker] INFO  - ?[92m|------------------------------------------------------------------ Given User opens the booking page?[0m
[Test worker] INFO  - ?[92m|-------------------------------------------------------------------- Customer navigates to Sauce Demo?[0m
[Test worker] INFO  - ?[92m|---------------------------------------------------------------------- Customer opens the browser at https://blazedemo.com/?[0m
[Test worker] INFO  - ?[92m|------------------------------------------------------------------ When searches for flights from "Paris" to "Buenos Aires"?[0m
[Test worker] INFO  - ?[92m|-------------------------------------------------------------------- Customer select dropdown value?[0m
[Test worker] INFO  - ?[92m|---------------------------------------------------------------------- Customer selects Paris on origin field?[0m
[Test worker] INFO  - ?[92m|-------------------------------------------------------------------- Customer select dropdown value?[0m
[Test worker] INFO  - ?[92m|---------------------------------------------------------------------- Customer selects Buenos Aires on destination field?[0m
[Test worker] INFO  - ?[92m|-------------------------------------------------------------------- Customer clicks?[0m
[Test worker] INFO  - ?[92m|---------------------------------------------------------------------- Customer clicks on find flights button?[0m
[Test worker] INFO  - ?[92m|------------------------------------------------------------------ And selects the flight with the "lowest" price?[0m
[Test worker] INFO  - ?[92m|-------------------------------------------------------------------- Customer clicks?[0m
[Test worker] INFO  - ?[92m|---------------------------------------------------------------------- Customer clicks on BotÃ³n seleccionar vuelo 3?[0m
[Test worker] INFO  - ?[92m|------------------------------------------------------------------ When Complete the reservation form with:
| Field | Value |
| Name | José Luis |
| Address | 789 Pine Street |
| City | Bogotá |
| State | NY |
| Zip Code | 10001 |
| Card Type | Visa |
| Card Number | 6011111111111117 |
| Month | 05 |
| Year | 2026 |
| Name on card | ROBERT BROWN |?[0m
[Test worker] INFO  - ?[92m|-------------------------------------------------------------------- Customer fills the purchase form?[0m
[Test worker] INFO  - ?[92m|---------------------------------------------------------------------- Customer enters 'José Luis' into campo nombre?[0m
[Test worker] INFO  - ?[92m|---------------------------------------------------------------------- Customer enters '789 Pine Street' into campo direcciÃ³n?[0m
[Test worker] INFO  - ?[92m|---------------------------------------------------------------------- Customer enters 'Bogotá' into campo ciudad?[0m
[Test worker] INFO  - ?[92m|---------------------------------------------------------------------- Customer enters 'NY' into campo estado?[0m
[Test worker] INFO  - ?[92m|---------------------------------------------------------------------- Customer enters '10001' into campo cÃ³digo postal?[0m
[Test worker] INFO  - ?[92m|---------------------------------------------------------------------- Customer selects Visa on dropdown tipo de tarjeta?[0m
[Test worker] INFO  - ?[92m|---------------------------------------------------------------------- Customer enters '6011111111111117' into campo nÃºmero de tarjeta?[0m
[Test worker] INFO  - ?[92m|---------------------------------------------------------------------- Customer enters '05' into campo mes?[0m
[Test worker] INFO  - ?[92m|---------------------------------------------------------------------- Customer enters '2026' into campo aÃ±o?[0m
[Test worker] INFO  - ?[92m|---------------------------------------------------------------------- Customer enters 'ROBERT BROWN' into campo nombre en la tarjeta?[0m
[Test worker] INFO  - ?[92m|------------------------------------------------------------------ And clicks on Purchase Flight?[0m
[Test worker] INFO  - ?[92m|-------------------------------------------------------------------- Customer clicks?[0m
[Test worker] INFO  - ?[92m|---------------------------------------------------------------------- Customer clicks on botÃ³n para completar la compra?[0m
[Test worker] INFO  - ?[92m|------------------------------------------------------------------ Then should see the message "Please fill all required fields" of confirmation purchase?[0m
[Test worker] INFO  - ?[92m|-------------------------------------------------------------------- Then mensaje de confirmaci&Atilde;&sup3;n should be (true)?[0m
[Test worker] INFO  - ?[91mSTEP FAILURE: java.lang.AssertionError: 
Expected: is <true>
     but: was <false>?[0m
[Test worker] INFO  - ?[91mSTEP FAILURE: java.lang.AssertionError: 
Expected: is <true>
     but: was <false>?[0m
[Test worker] INFO  - ?[91mSTEP FAILURE: java.lang.AssertionError: 
Expected: is <true>
     but: was <false>?[0m
[Test worker] INFO  - ?[92m|---------------------------------------------------------------------- 12: Validate required fields in purchase form ({name=Jose Luis, address=789 Pine Street, city=Bogota, state=NY, zip=10001, cardType=Visa, card=0, month=0, year=0, nameOnCard=ROBERT BROWN})?[0m
[Test worker] INFO  - ?[92m|------------------------------------------------------------------------ Given User opens the booking page?[0m
[Test worker] INFO  - ?[92m|-------------------------------------------------------------------------- Customer navigates to Sauce Demo?[0m
[Test worker] INFO  - ?[92m|---------------------------------------------------------------------------- Customer opens the browser at https://blazedemo.com/?[0m
[Test worker] INFO  - ?[92m|------------------------------------------------------------------------ When searches for flights from "Paris" to "Buenos Aires"?[0m
[Test worker] INFO  - ?[92m|-------------------------------------------------------------------------- Customer select dropdown value?[0m
[Test worker] INFO  - ?[92m|---------------------------------------------------------------------------- Customer selects Paris on origin field?[0m
[Test worker] INFO  - ?[92m|-------------------------------------------------------------------------- Customer select dropdown value?[0m
[Test worker] INFO  - ?[92m|---------------------------------------------------------------------------- Customer selects Buenos Aires on destination field?[0m
[Test worker] INFO  - ?[92m|-------------------------------------------------------------------------- Customer clicks?[0m
[Test worker] INFO  - ?[92m|---------------------------------------------------------------------------- Customer clicks on find flights button?[0m
[Test worker] INFO  - ?[92m|------------------------------------------------------------------------ And selects the flight with the "lowest" price?[0m
[Test worker] INFO  - ?[92m|-------------------------------------------------------------------------- Customer clicks?[0m
[Test worker] INFO  - ?[92m|---------------------------------------------------------------------------- Customer clicks on BotÃ³n seleccionar vuelo 3?[0m
[Test worker] INFO  - ?[92m|------------------------------------------------------------------------ When Complete the reservation form with:
| Field | Value |
| Name | Jose Luis |
| Address | 789 Pine Street |
| City | Bogota |
| State | NY |
| Zip Code | 10001 |
| Card Type | Visa |
| Card Number | 0 |
| Month | 0 |
| Year | 0 |
| Name on card | ROBERT BROWN |?[0m
[Test worker] INFO  - ?[92m|-------------------------------------------------------------------------- Customer fills the purchase form?[0m
[Test worker] INFO  - ?[92m|---------------------------------------------------------------------------- Customer enters 'Jose Luis' into campo nombre?[0m
[Test worker] INFO  - ?[92m|---------------------------------------------------------------------------- Customer enters '789 Pine Street' into campo direcciÃ³n?[0m
[Test worker] INFO  - ?[92m|---------------------------------------------------------------------------- Customer enters 'Bogota' into campo ciudad?[0m
[Test worker] INFO  - ?[92m|---------------------------------------------------------------------------- Customer enters 'NY' into campo estado?[0m
[Test worker] INFO  - ?[92m|---------------------------------------------------------------------------- Customer enters '10001' into campo cÃ³digo postal?[0m
[Test worker] INFO  - ?[92m|---------------------------------------------------------------------------- Customer selects Visa on dropdown tipo de tarjeta?[0m
[Test worker] INFO  - ?[92m|---------------------------------------------------------------------------- Customer enters '0' into campo nÃºmero de tarjeta?[0m
[Test worker] INFO  - ?[92m|---------------------------------------------------------------------------- Customer enters '0' into campo mes?[0m
[Test worker] INFO  - ?[92m|---------------------------------------------------------------------------- Customer enters '0' into campo aÃ±o?[0m
[Test worker] INFO  - ?[92m|---------------------------------------------------------------------------- Customer enters 'ROBERT BROWN' into campo nombre en la tarjeta?[0m
[Test worker] INFO  - ?[92m|------------------------------------------------------------------------ And clicks on Purchase Flight?[0m
[Test worker] INFO  - ?[92m|-------------------------------------------------------------------------- Customer clicks?[0m
[Test worker] INFO  - ?[92m|---------------------------------------------------------------------------- Customer clicks on botÃ³n para completar la compra?[0m
[Test worker] INFO  - ?[92m|------------------------------------------------------------------------ Then should see the message "Please fill all required fields" of confirmation purchase?[0m
[Test worker] INFO  - ?[92m|-------------------------------------------------------------------------- Then mensaje de confirmaci&Atilde;&sup3;n should be (true)?[0m
[Test worker] INFO  - ?[91mSTEP FAILURE: java.lang.AssertionError: 
Expected: is <true>
     but: was <false>?[0m
[Test worker] INFO  - ?[91mSTEP FAILURE: java.lang.AssertionError: 
Expected: is <true>
     but: was <false>?[0m
[Test worker] INFO  - ?[91mSTEP FAILURE: java.lang.AssertionError: 
Expected: is <true>
     but: was <false>?[0m
[Test worker] INFO  - ?[92m|---------------------------------------------------------------------------- 13: Validate required fields in purchase form ({name=Jose Luis, address=789 Pine Street, city=Bogota, state=NY, zip=10001, cardType=Visa, card=a, month=b, year=c, nameOnCard=ROBERT BROWN})?[0m
[Test worker] INFO  - ?[92m|------------------------------------------------------------------------------ Given User opens the booking page?[0m
[Test worker] INFO  - ?[92m|-------------------------------------------------------------------------------- Customer navigates to Sauce Demo?[0m
[Test worker] INFO  - ?[92m|---------------------------------------------------------------------------------- Customer opens the browser at https://blazedemo.com/?[0m
[Test worker] INFO  - ?[92m|------------------------------------------------------------------------------ When searches for flights from "Paris" to "Buenos Aires"?[0m
[Test worker] INFO  - ?[92m|-------------------------------------------------------------------------------- Customer select dropdown value?[0m
[Test worker] INFO  - ?[92m|---------------------------------------------------------------------------------- Customer selects Paris on origin field?[0m
[Test worker] INFO  - ?[92m|-------------------------------------------------------------------------------- Customer select dropdown value?[0m
[Test worker] INFO  - ?[92m|---------------------------------------------------------------------------------- Customer selects Buenos Aires on destination field?[0m
[Test worker] INFO  - ?[92m|-------------------------------------------------------------------------------- Customer clicks?[0m
[Test worker] INFO  - ?[92m|---------------------------------------------------------------------------------- Customer clicks on find flights button?[0m
[Test worker] INFO  - ?[92m|------------------------------------------------------------------------------ And selects the flight with the "lowest" price?[0m
[Test worker] INFO  - ?[92m|-------------------------------------------------------------------------------- Customer clicks?[0m
[Test worker] INFO  - ?[92m|---------------------------------------------------------------------------------- Customer clicks on BotÃ³n seleccionar vuelo 3?[0m
[Test worker] INFO  - ?[92m|------------------------------------------------------------------------------ When Complete the reservation form with:
| Field | Value |
| Name | Jose Luis |
| Address | 789 Pine Street |
| City | Bogota |
| State | NY |
| Zip Code | 10001 |
| Card Type | Visa |
| Card Number | a |
| Month | b |
| Year | c |
| Name on card | ROBERT BROWN |?[0m
[Test worker] INFO  - ?[92m|-------------------------------------------------------------------------------- Customer fills the purchase form?[0m
[Test worker] INFO  - ?[92m|---------------------------------------------------------------------------------- Customer enters 'Jose Luis' into campo nombre?[0m
[Test worker] INFO  - ?[92m|---------------------------------------------------------------------------------- Customer enters '789 Pine Street' into campo direcciÃ³n?[0m
[Test worker] INFO  - ?[92m|---------------------------------------------------------------------------------- Customer enters 'Bogota' into campo ciudad?[0m
[Test worker] INFO  - ?[92m|---------------------------------------------------------------------------------- Customer enters 'NY' into campo estado?[0m
[Test worker] INFO  - ?[92m|---------------------------------------------------------------------------------- Customer enters '10001' into campo cÃ³digo postal?[0m
[Test worker] INFO  - ?[92m|---------------------------------------------------------------------------------- Customer selects Visa on dropdown tipo de tarjeta?[0m
[Test worker] INFO  - ?[92m|---------------------------------------------------------------------------------- Customer enters 'a' into campo nÃºmero de tarjeta?[0m
[Test worker] INFO  - ?[92m|---------------------------------------------------------------------------------- Customer enters 'b' into campo mes?[0m
[Test worker] INFO  - ?[92m|---------------------------------------------------------------------------------- Customer enters 'c' into campo aÃ±o?[0m
[Test worker] INFO  - ?[92m|---------------------------------------------------------------------------------- Customer enters 'ROBERT BROWN' into campo nombre en la tarjeta?[0m
[Test worker] INFO  - ?[92m|------------------------------------------------------------------------------ And clicks on Purchase Flight?[0m
[Test worker] INFO  - ?[92m|-------------------------------------------------------------------------------- Customer clicks?[0m
[Test worker] INFO  - ?[92m|---------------------------------------------------------------------------------- Customer clicks on botÃ³n para completar la compra?[0m
[Test worker] INFO  - ?[92m|------------------------------------------------------------------------------ Then should see the message "Please fill all required fields" of confirmation purchase?[0m
[Test worker] INFO  - ?[92m|-------------------------------------------------------------------------------- Then mensaje de confirmaci&Atilde;&sup3;n should be (true)?[0m
[Test worker] INFO  - ?[91mSTEP FAILURE: java.lang.AssertionError: 
Expected: is <true>
     but: was <false>?[0m
[Test worker] INFO  - ?[91mSTEP FAILURE: java.lang.AssertionError: 
Expected: is <true>
     but: was <false>?[0m
[Test worker] INFO  - ?[91mSTEP FAILURE: java.lang.AssertionError: 
Expected: is <true>
     but: was <false>?[0m
]]></system-err>
</testsuite>
