<?xml version="1.0" encoding="UTF-8"?>
<testsuite name="Flight Selection by Price Criteria" tests="6" skipped="0" failures="1" errors="0" timestamp="2025-11-22T09:37:22" hostname="DESKTOP-D502FJE" time="16.776">
  <properties/>
  <testcase name="Select flight by price criteria #1" classname="Flight Selection by Price Criteria" time="5.572"/>
  <testcase name="Select flight by price criteria #2" classname="Flight Selection by Price Criteria" time="1.796"/>
  <testcase name="Select flight by price criteria #3" classname="Flight Selection by Price Criteria" time="1.888"/>
  <testcase name="Select flight by price criteria #4" classname="Flight Selection by Price Criteria" time="1.85"/>
  <testcase name="Select flight by price criteria #5" classname="Flight Selection by Price Criteria" time="1.955"/>
  <testcase name="Select flight by price criteria #6" classname="Flight Selection by Price Criteria" time="3.714">
    <failure message="org.openqa.selenium.NoSuchElementException: Cannot locate option with text: Sao Paolo&#10;For documentation on this error, please visit: https://www.selenium.dev/documentation/webdriver/troubleshooting/errors#no-such-element-exception&#10;Build info: version: '4.16.1', revision: '9b4c83354e'&#10;System info: os.name: 'Windows 11', os.arch: 'amd64', os.version: '10.0', java.version: '17.0.12'&#10;Driver info: driver.version: unknown" type="org.openqa.selenium.NoSuchElementException">org.openqa.selenium.NoSuchElementException: Cannot locate option with text: Sao Paolo
For documentation on this error, please visit: https://www.selenium.dev/documentation/webdriver/troubleshooting/errors#no-such-element-exception
Build info: version: '4.16.1', revision: '9b4c83354e'
System info: os.name: 'Windows 11', os.arch: 'amd64', os.version: '10.0', java.version: '17.0.12'
Driver info: driver.version: unknown
	at app//org.openqa.selenium.support.ui.Select.selectByVisibleText(Select.java:153)
	at app//net.serenitybdd.core.pages.DropdownSelector.lambda$byVisibleText$0(DropdownSelector.java:25)
	at app//net.serenitybdd.core.pages.WithRetries.perform(WithRetries.java:22)
	at app//net.serenitybdd.core.pages.DropdownSelector.byVisibleText(DropdownSelector.java:22)
	at app//net.serenitybdd.core.pages.WebElementFacadeImpl.selectByVisibleText(WebElementFacadeImpl.java:852)
	at app//net.serenitybdd.screenplay.actions.selectactions.SelectByVisibleTextFromTarget.performAs(SelectByVisibleTextFromTarget.java:26)
	at app//net.serenitybdd.screenplay.actions.selectactions.SelectByVisibleTextFromTarget$ByteBuddy$aFQM3ly3.performAs$accessor$9DbUYYTO(Unknown Source)
	at jdk.internal.reflect.GeneratedMethodAccessor97.invoke(Unknown Source)
	at java.base@17.0.12/jdk.internal.reflect.DelegatingMethodAccessorImpl.invoke(DelegatingMethodAccessorImpl.java:43)
	at java.base@17.0.12/java.lang.reflect.Method.invoke(Method.java:568)
	at app//net.thucydides.core.steps.StepInterceptor.invokeMethod(StepInterceptor.java:524)
	at app//net.thucydides.core.steps.StepInterceptor.executeTestStepMethod(StepInterceptor.java:504)
	at app//net.thucydides.core.steps.StepInterceptor.runTestStep(StepInterceptor.java:476)
	at app//net.thucydides.core.steps.StepInterceptor.runOrSkipMethod(StepInterceptor.java:218)
	at app//net.thucydides.core.steps.StepInterceptor.testStepResult(StepInterceptor.java:205)
	at app//net.thucydides.core.steps.StepInterceptor.intercept(StepInterceptor.java:93)
	at app//net.thucydides.core.steps.ProxyConfiguration$InterceptorDispatcher.intercept(ProxyConfiguration.java:51)
	at app//net.serenitybdd.screenplay.actions.selectactions.SelectByVisibleTextFromTarget$ByteBuddy$aFQM3ly3.performAs(Unknown Source)
	at app//net.serenitybdd.screenplay.Actor.performTask(Actor.java:299)
	at app//net.serenitybdd.screenplay.Actor.perform(Actor.java:274)
	at app//net.serenitybdd.screenplay.Actor.attemptsTo(Actor.java:215)
	at app//net.serenitybdd.screenplay.Actor.attemptsTo(Actor.java:222)
	at app//co.udea.edu.certification.moduloTest.interactions.SelectDropdownValue.performAs(SelectDropdownValue.java:28)
	at app//co.udea.edu.certification.moduloTest.interactions.SelectDropdownValue$ByteBuddy$UEfdFSB2.performAs$accessor$6HpB67VN(Unknown Source)
	at jdk.internal.reflect.GeneratedMethodAccessor101.invoke(Unknown Source)
	at java.base@17.0.12/jdk.internal.reflect.DelegatingMethodAccessorImpl.invoke(DelegatingMethodAccessorImpl.java:43)
	at java.base@17.0.12/java.lang.reflect.Method.invoke(Method.java:568)
	at app//net.thucydides.core.steps.StepInterceptor.invokeMethod(StepInterceptor.java:524)
	at app//net.thucydides.core.steps.StepInterceptor.executeTestStepMethod(StepInterceptor.java:504)
	at app//net.thucydides.core.steps.StepInterceptor.runTestStep(StepInterceptor.java:476)
	at app//net.thucydides.core.steps.StepInterceptor.runOrSkipMethod(StepInterceptor.java:218)
	at app//net.thucydides.core.steps.StepInterceptor.testStepResult(StepInterceptor.java:205)
	at app//net.thucydides.core.steps.StepInterceptor.intercept(StepInterceptor.java:93)
	at app//net.thucydides.core.steps.ProxyConfiguration$InterceptorDispatcher.intercept(ProxyConfiguration.java:51)
	at app//co.udea.edu.certification.moduloTest.interactions.SelectDropdownValue$ByteBuddy$UEfdFSB2.performAs(Unknown Source)
	at app//net.serenitybdd.screenplay.Actor.performTask(Actor.java:299)
	at app//net.serenitybdd.screenplay.Actor.perform(Actor.java:274)
	at app//net.serenitybdd.screenplay.Actor.attemptsTo(Actor.java:215)
	at app//net.serenitybdd.screenplay.Actor.attemptsTo(Actor.java:222)
	at app//co.udea.edu.certification.moduloTest.tasks.SearchFlights.performAs(SearchFlights.java:30)
	at app//net.serenitybdd.screenplay.Actor.performTask(Actor.java:299)
	at app//net.serenitybdd.screenplay.Actor.perform(Actor.java:274)
	at app//net.serenitybdd.screenplay.Actor.performWithoutReporting(Actor.java:258)
	at app//net.serenitybdd.screenplay.Actor.attemptsTo(Actor.java:213)
	at app//net.serenitybdd.screenplay.Actor.attemptsTo(Actor.java:222)
	at app//co.udea.edu.certification.moduloTest.stepdefinitions.blazeDemoSteps.BlazeDemoStep.searchesForFlightsFromTo(BlazeDemoStep.java:60)
	at ✽.searches for flights from &quot;Sao Paolo&quot; to &quot;Dublin&quot;(file:///C:/Users/EQUIPO/Cosas%20x%20por%20ahí/Universidad/Calidoso/Talleres/Automatization/src/test/resources/features/BlazeDemo/SelectFlight.feature:14)
</failure>
  </testcase>
  <system-out><![CDATA[
@blaze_demo @flight_selection @price_criteria
Scenario Outline: Select flight by price criteria          ?[90m# src/test/resources/features/BlazeDemo/SelectFlight.feature:20?[0m
  ?[32mGiven ?[0m?[32mUser opens the booking page?[0m                        ?[90m# co.udea.edu.certification.moduloTest.stepdefinitions.blazeDemoSteps.BlazeDemoStep.userOpensTheBookingPage()?[0m
  ?[32mWhen ?[0m?[32msearches for flights from ?[0m?[32m?[1m"Paris"?[0m?[32m to ?[0m?[32m?[1m"Buenos Aires"?[0m ?[90m# co.udea.edu.certification.moduloTest.stepdefinitions.blazeDemoSteps.BlazeDemoStep.searchesForFlightsFromTo(java.lang.String,java.lang.String)?[0m
  ?[32mAnd ?[0m?[32mselects the flight with the ?[0m?[32m?[1m"lowest"?[0m?[32m price?[0m           ?[90m# co.udea.edu.certification.moduloTest.stepdefinitions.blazeDemoSteps.BlazeDemoStep.selectsTheFlightWithThePrice(java.lang.String)?[0m
  ?[32mThen ?[0m?[32mshould see the details of the selected flight?[0m       ?[90m# co.udea.edu.certification.moduloTest.stepdefinitions.blazeDemoSteps.BlazeDemoStep.shouldSeeTheDetailsOfTheSelectedFlight()?[0m

@blaze_demo @flight_selection @price_criteria
Scenario Outline: Select flight by price criteria          ?[90m# src/test/resources/features/BlazeDemo/SelectFlight.feature:21?[0m
  ?[32mGiven ?[0m?[32mUser opens the booking page?[0m                        ?[90m# co.udea.edu.certification.moduloTest.stepdefinitions.blazeDemoSteps.BlazeDemoStep.userOpensTheBookingPage()?[0m
  ?[32mWhen ?[0m?[32msearches for flights from ?[0m?[32m?[1m"Paris"?[0m?[32m to ?[0m?[32m?[1m"Buenos Aires"?[0m ?[90m# co.udea.edu.certification.moduloTest.stepdefinitions.blazeDemoSteps.BlazeDemoStep.searchesForFlightsFromTo(java.lang.String,java.lang.String)?[0m
  ?[32mAnd ?[0m?[32mselects the flight with the ?[0m?[32m?[1m"highest"?[0m?[32m price?[0m          ?[90m# co.udea.edu.certification.moduloTest.stepdefinitions.blazeDemoSteps.BlazeDemoStep.selectsTheFlightWithThePrice(java.lang.String)?[0m
  ?[32mThen ?[0m?[32mshould see the details of the selected flight?[0m       ?[90m# co.udea.edu.certification.moduloTest.stepdefinitions.blazeDemoSteps.BlazeDemoStep.shouldSeeTheDetailsOfTheSelectedFlight()?[0m

@blaze_demo @flight_selection @price_criteria
Scenario Outline: Select flight by price criteria         ?[90m# src/test/resources/features/BlazeDemo/SelectFlight.feature:22?[0m
  ?[32mGiven ?[0m?[32mUser opens the booking page?[0m                       ?[90m# co.udea.edu.certification.moduloTest.stepdefinitions.blazeDemoSteps.BlazeDemoStep.userOpensTheBookingPage()?[0m
  ?[32mWhen ?[0m?[32msearches for flights from ?[0m?[32m?[1m"Philadelphia"?[0m?[32m to ?[0m?[32m?[1m"Rome"?[0m ?[90m# co.udea.edu.certification.moduloTest.stepdefinitions.blazeDemoSteps.BlazeDemoStep.searchesForFlightsFromTo(java.lang.String,java.lang.String)?[0m
  ?[32mAnd ?[0m?[32mselects the flight with the ?[0m?[32m?[1m"lowest"?[0m?[32m price?[0m          ?[90m# co.udea.edu.certification.moduloTest.stepdefinitions.blazeDemoSteps.BlazeDemoStep.selectsTheFlightWithThePrice(java.lang.String)?[0m
  ?[32mThen ?[0m?[32mshould see the details of the selected flight?[0m      ?[90m# co.udea.edu.certification.moduloTest.stepdefinitions.blazeDemoSteps.BlazeDemoStep.shouldSeeTheDetailsOfTheSelectedFlight()?[0m

@blaze_demo @flight_selection @price_criteria
Scenario Outline: Select flight by price criteria     ?[90m# src/test/resources/features/BlazeDemo/SelectFlight.feature:23?[0m
  ?[32mGiven ?[0m?[32mUser opens the booking page?[0m                   ?[90m# co.udea.edu.certification.moduloTest.stepdefinitions.blazeDemoSteps.BlazeDemoStep.userOpensTheBookingPage()?[0m
  ?[32mWhen ?[0m?[32msearches for flights from ?[0m?[32m?[1m"Boston"?[0m?[32m to ?[0m?[32m?[1m"London"?[0m ?[90m# co.udea.edu.certification.moduloTest.stepdefinitions.blazeDemoSteps.BlazeDemoStep.searchesForFlightsFromTo(java.lang.String,java.lang.String)?[0m
  ?[32mAnd ?[0m?[32mselects the flight with the ?[0m?[32m?[1m"highest"?[0m?[32m price?[0m     ?[90m# co.udea.edu.certification.moduloTest.stepdefinitions.blazeDemoSteps.BlazeDemoStep.selectsTheFlightWithThePrice(java.lang.String)?[0m
  ?[32mThen ?[0m?[32mshould see the details of the selected flight?[0m  ?[90m# co.udea.edu.certification.moduloTest.stepdefinitions.blazeDemoSteps.BlazeDemoStep.shouldSeeTheDetailsOfTheSelectedFlight()?[0m

@blaze_demo @flight_selection @price_criteria
Scenario Outline: Select flight by price criteria          ?[90m# src/test/resources/features/BlazeDemo/SelectFlight.feature:24?[0m
  ?[32mGiven ?[0m?[32mUser opens the booking page?[0m                        ?[90m# co.udea.edu.certification.moduloTest.stepdefinitions.blazeDemoSteps.BlazeDemoStep.userOpensTheBookingPage()?[0m
  ?[32mWhen ?[0m?[32msearches for flights from ?[0m?[32m?[1m"Mexico City"?[0m?[32m to ?[0m?[32m?[1m"Berlin"?[0m ?[90m# co.udea.edu.certification.moduloTest.stepdefinitions.blazeDemoSteps.BlazeDemoStep.searchesForFlightsFromTo(java.lang.String,java.lang.String)?[0m
  ?[32mAnd ?[0m?[32mselects the flight with the ?[0m?[32m?[1m"lowest"?[0m?[32m price?[0m           ?[90m# co.udea.edu.certification.moduloTest.stepdefinitions.blazeDemoSteps.BlazeDemoStep.selectsTheFlightWithThePrice(java.lang.String)?[0m
  ?[32mThen ?[0m?[32mshould see the details of the selected flight?[0m       ?[90m# co.udea.edu.certification.moduloTest.stepdefinitions.blazeDemoSteps.BlazeDemoStep.shouldSeeTheDetailsOfTheSelectedFlight()?[0m

@blaze_demo @flight_selection @price_criteria
Scenario Outline: Select flight by price criteria        ?[90m# src/test/resources/features/BlazeDemo/SelectFlight.feature:25?[0m
  ?[32mGiven ?[0m?[32mUser opens the booking page?[0m                      ?[90m# co.udea.edu.certification.moduloTest.stepdefinitions.blazeDemoSteps.BlazeDemoStep.userOpensTheBookingPage()?[0m
  ?[31mWhen ?[0m?[31msearches for flights from ?[0m?[31m?[1m"Sao Paolo"?[0m?[31m to ?[0m?[31m?[1m"Dublin"?[0m ?[90m# co.udea.edu.certification.moduloTest.stepdefinitions.blazeDemoSteps.BlazeDemoStep.searchesForFlightsFromTo(java.lang.String,java.lang.String)?[0m
      ?[31morg.openqa.selenium.NoSuchElementException: Cannot locate option with text: Sao Paolo
For documentation on this error, please visit: https://www.selenium.dev/documentation/webdriver/troubleshooting/errors#no-such-element-exception
Build info: version: '4.16.1', revision: '9b4c83354e'
System info: os.name: 'Windows 11', os.arch: 'amd64', os.version: '10.0', java.version: '17.0.12'
Driver info: driver.version: unknown
	at org.openqa.selenium.support.ui.Select.selectByVisibleText(Select.java:153)
	at net.serenitybdd.core.pages.DropdownSelector.lambda$byVisibleText$0(DropdownSelector.java:25)
	at net.serenitybdd.core.pages.WithRetries.perform(WithRetries.java:22)
	at net.serenitybdd.core.pages.DropdownSelector.byVisibleText(DropdownSelector.java:22)
	at net.serenitybdd.core.pages.WebElementFacadeImpl.selectByVisibleText(WebElementFacadeImpl.java:852)
	at net.serenitybdd.screenplay.actions.selectactions.SelectByVisibleTextFromTarget.performAs(SelectByVisibleTextFromTarget.java:26)
	at net.serenitybdd.screenplay.actions.selectactions.SelectByVisibleTextFromTarget$ByteBuddy$aFQM3ly3.performAs$accessor$9DbUYYTO(Unknown Source)
	at jdk.internal.reflect.GeneratedMethodAccessor97.invoke(Unknown Source)
	at java.base/jdk.internal.reflect.DelegatingMethodAccessorImpl.invoke(DelegatingMethodAccessorImpl.java:43)
	at java.base/java.lang.reflect.Method.invoke(Method.java:568)
	at net.thucydides.core.steps.StepInterceptor.invokeMethod(StepInterceptor.java:524)
	at net.thucydides.core.steps.StepInterceptor.executeTestStepMethod(StepInterceptor.java:504)
	at net.thucydides.core.steps.StepInterceptor.runTestStep(StepInterceptor.java:476)
	at net.thucydides.core.steps.StepInterceptor.runOrSkipMethod(StepInterceptor.java:218)
	at net.thucydides.core.steps.StepInterceptor.testStepResult(StepInterceptor.java:205)
	at net.thucydides.core.steps.StepInterceptor.intercept(StepInterceptor.java:93)
	at net.thucydides.core.steps.ProxyConfiguration$InterceptorDispatcher.intercept(ProxyConfiguration.java:51)
	at net.serenitybdd.screenplay.actions.selectactions.SelectByVisibleTextFromTarget$ByteBuddy$aFQM3ly3.performAs(Unknown Source)
	at net.serenitybdd.screenplay.Actor.performTask(Actor.java:299)
	at net.serenitybdd.screenplay.Actor.perform(Actor.java:274)
	at net.serenitybdd.screenplay.Actor.attemptsTo(Actor.java:215)
	at net.serenitybdd.screenplay.Actor.attemptsTo(Actor.java:222)
	at co.udea.edu.certification.moduloTest.interactions.SelectDropdownValue.performAs(SelectDropdownValue.java:28)
	at co.udea.edu.certification.moduloTest.interactions.SelectDropdownValue$ByteBuddy$UEfdFSB2.performAs$accessor$6HpB67VN(Unknown Source)
	at jdk.internal.reflect.GeneratedMethodAccessor101.invoke(Unknown Source)
	at java.base/jdk.internal.reflect.DelegatingMethodAccessorImpl.invoke(DelegatingMethodAccessorImpl.java:43)
	at java.base/java.lang.reflect.Method.invoke(Method.java:568)
	at net.thucydides.core.steps.StepInterceptor.invokeMethod(StepInterceptor.java:524)
	at net.thucydides.core.steps.StepInterceptor.executeTestStepMethod(StepInterceptor.java:504)
	at net.thucydides.core.steps.StepInterceptor.runTestStep(StepInterceptor.java:476)
	at net.thucydides.core.steps.StepInterceptor.runOrSkipMethod(StepInterceptor.java:218)
	at net.thucydides.core.steps.StepInterceptor.testStepResult(StepInterceptor.java:205)
	at net.thucydides.core.steps.StepInterceptor.intercept(StepInterceptor.java:93)
	at net.thucydides.core.steps.ProxyConfiguration$InterceptorDispatcher.intercept(ProxyConfiguration.java:51)
	at co.udea.edu.certification.moduloTest.interactions.SelectDropdownValue$ByteBuddy$UEfdFSB2.performAs(Unknown Source)
	at net.serenitybdd.screenplay.Actor.performTask(Actor.java:299)
	at net.serenitybdd.screenplay.Actor.perform(Actor.java:274)
	at net.serenitybdd.screenplay.Actor.attemptsTo(Actor.java:215)
	at net.serenitybdd.screenplay.Actor.attemptsTo(Actor.java:222)
	at co.udea.edu.certification.moduloTest.tasks.SearchFlights.performAs(SearchFlights.java:30)
	at net.serenitybdd.screenplay.Actor.performTask(Actor.java:299)
	at net.serenitybdd.screenplay.Actor.perform(Actor.java:274)
	at net.serenitybdd.screenplay.Actor.performWithoutReporting(Actor.java:258)
	at net.serenitybdd.screenplay.Actor.attemptsTo(Actor.java:213)
	at net.serenitybdd.screenplay.Actor.attemptsTo(Actor.java:222)
	at co.udea.edu.certification.moduloTest.stepdefinitions.blazeDemoSteps.BlazeDemoStep.searchesForFlightsFromTo(BlazeDemoStep.java:60)
	at ✽.searches for flights from "Sao Paolo" to "Dublin"(file:///C:/Users/EQUIPO/Cosas%20x%20por%20ahí/Universidad/Calidoso/Talleres/Automatization/src/test/resources/features/BlazeDemo/SelectFlight.feature:14)
?[0m
  ?[36mAnd ?[0m?[36mselects the flight with the ?[0m?[36m?[1m"highest"?[0m?[36m price?[0m        ?[90m# co.udea.edu.certification.moduloTest.stepdefinitions.blazeDemoSteps.BlazeDemoStep.selectsTheFlightWithThePrice(java.lang.String)?[0m
  ?[36mThen ?[0m?[36mshould see the details of the selected flight?[0m     ?[90m# co.udea.edu.certification.moduloTest.stepdefinitions.blazeDemoSteps.BlazeDemoStep.shouldSeeTheDetailsOfTheSelectedFlight()?[0m
]]></system-out>
  <system-err><![CDATA[[Test worker] INFO  - 
  _____   ___   ___   _____     ___   _____     _     ___   _____   ___   ___  
 |_   _| | __| / __| |_   _|   / __| |_   _|   /_\   | _ \ |_   _| | __| |   \ 
   | |   | _|  \__ \   | |     \__ \   | |    / _ \  |   /   | |   | _|  | |) |
   |_|   |___| |___/   |_|     |___/   |_|   /_/ \_\ |_|_\   |_|   |___| |___/ 

Select flight by price criteria(flight-selection-by-price-criteria;select-flight-by-price-criteria)
--------------------------------------------------------------------------------
[Test worker] INFO  - ?[92m|------------------------------------------------------------------------ 1: Select flight by price criteria ({origin=Paris, destination=Buenos Aires, price_criteria=lowest})?[0m
[Test worker] INFO  - ?[92m|-------------------------------------------------------------------------- Given User opens the booking page?[0m
[Test worker] INFO  - ?[92m|---------------------------------------------------------------------------- Customer navigates to Sauce Demo?[0m
[Test worker] INFO  - ?[92m|------------------------------------------------------------------------------ Customer opens the browser at https://blazedemo.com/?[0m
[Test worker] INFO net.serenitybdd.core.webdriver.driverproviders.ChromeDriverProvider - Starting Chrome driver instance with capabilities:
[Test worker] INFO net.serenitybdd.core.webdriver.driverproviders.ChromeDriverProvider - Capabilities {acceptInsecureCerts: true, browserName: chrome, goog:chromeOptions: {args: [--start-maximized, --test-type, --no-sandbox, --ignore-certificate-errors, \n                   --disa..., --disable-default-apps, --disable-extensions-file-a..., \n                   --inco..., --disable-infobars,--disabl..., --remote-allow-origins=*], extensions: []}}
nov. 22, 2025 4:37:23 A. M. org.openqa.selenium.devtools.CdpVersionFinder findNearestMatch
WARNING: Unable to find CDP implementation matching 142
nov. 22, 2025 4:37:23 A. M. org.openqa.selenium.chromium.ChromiumDriver lambda$new$5
WARNING: Unable to find version of CDP to use for 142.0.7444.176. You may need to include a dependency on a specific version of the CDP using something similar to `org.seleniumhq.selenium:selenium-devtools-v86:4.16.1` where the version ("v86") matches the version of the chromium-based browser you're using and the version number of the artifact is the same as Selenium's.
[Test worker] INFO net.serenitybdd.core.webdriver.driverproviders.ChromeDriverProvider - Starting Chrome driver instance with capabilities:
[Test worker] INFO net.serenitybdd.core.webdriver.driverproviders.ChromeDriverProvider - Capabilities {acceptInsecureCerts: true, browserName: chrome, goog:chromeOptions: {args: [--start-maximized, --test-type, --no-sandbox, --ignore-certificate-errors, \n                   --disa..., --disable-default-apps, --disable-extensions-file-a..., \n                   --inco..., --disable-infobars,--disabl..., --remote-allow-origins=*], extensions: []}}
nov. 22, 2025 4:37:26 A. M. org.openqa.selenium.devtools.CdpVersionFinder findNearestMatch
WARNING: Unable to find CDP implementation matching 142
nov. 22, 2025 4:37:26 A. M. org.openqa.selenium.chromium.ChromiumDriver lambda$new$5
WARNING: Unable to find version of CDP to use for 142.0.7444.176. You may need to include a dependency on a specific version of the CDP using something similar to `org.seleniumhq.selenium:selenium-devtools-v86:4.16.1` where the version ("v86") matches the version of the chromium-based browser you're using and the version number of the artifact is the same as Selenium's.
[Test worker] INFO  - ?[92m|-------------------------------------------------------------------------- When searches for flights from "Paris" to "Buenos Aires"?[0m
[Test worker] INFO  - ?[92m|---------------------------------------------------------------------------- Customer select dropdown value?[0m
[Test worker] INFO  - ?[92m|------------------------------------------------------------------------------ Customer selects Paris on origin field?[0m
[Test worker] INFO  - ?[92m|---------------------------------------------------------------------------- Customer select dropdown value?[0m
[Test worker] INFO  - ?[92m|------------------------------------------------------------------------------ Customer selects Buenos Aires on destination field?[0m
[Test worker] INFO  - ?[92m|---------------------------------------------------------------------------- Customer clicks?[0m
[Test worker] INFO  - ?[92m|------------------------------------------------------------------------------ Customer clicks on find flights button?[0m
[Test worker] INFO  - ?[92m|-------------------------------------------------------------------------- And selects the flight with the "lowest" price?[0m
[Test worker] INFO  - ?[92m|---------------------------------------------------------------------------- Customer clicks?[0m
[Test worker] INFO  - ?[92m|------------------------------------------------------------------------------ Customer clicks on BotÃ³n seleccionar vuelo 3?[0m
[Test worker] INFO  - ?[92m|-------------------------------------------------------------------------- Then should see the details of the selected flight?[0m
[Test worker] INFO  - ?[92m|---------------------------------------------------------------------------- Then detalle de vuelo?[0m
[Test worker] INFO  - ?[92m
  _____   ___   ___   _____     ___     _     ___   ___   ___   ___  
 |_   _| | __| / __| |_   _|   | _ \   /_\   / __| / __| | __| |   \ 
   | |   | _|  \__ \   | |     |  _/  / _ \  \__ \ \__ \ | _|  | |) |
   |_|   |___| |___/   |_|     |_|   /_/ \_\ |___/ |___/ |___| |___/ 

Select flight by price criteria
----------------------------------------------------------------------?[0m
[Test worker] INFO  - ?[92m|------------------------------------------------------------------------ 2: Select flight by price criteria ({origin=Paris, destination=Buenos Aires, price_criteria=highest})?[0m
[Test worker] INFO  - ?[92m|-------------------------------------------------------------------------- Given User opens the booking page?[0m
[Test worker] INFO  - ?[92m|---------------------------------------------------------------------------- Customer navigates to Sauce Demo?[0m
[Test worker] INFO  - ?[92m|------------------------------------------------------------------------------ Customer opens the browser at https://blazedemo.com/?[0m
[Test worker] INFO  - ?[92m|-------------------------------------------------------------------------- When searches for flights from "Paris" to "Buenos Aires"?[0m
[Test worker] INFO  - ?[92m|---------------------------------------------------------------------------- Customer select dropdown value?[0m
[Test worker] INFO  - ?[92m|------------------------------------------------------------------------------ Customer selects Paris on origin field?[0m
[Test worker] INFO  - ?[92m|---------------------------------------------------------------------------- Customer select dropdown value?[0m
[Test worker] INFO  - ?[92m|------------------------------------------------------------------------------ Customer selects Buenos Aires on destination field?[0m
[Test worker] INFO  - ?[92m|---------------------------------------------------------------------------- Customer clicks?[0m
[Test worker] INFO  - ?[92m|------------------------------------------------------------------------------ Customer clicks on find flights button?[0m
[Test worker] INFO  - ?[92m|-------------------------------------------------------------------------- And selects the flight with the "highest" price?[0m
[Test worker] INFO  - ?[92m|---------------------------------------------------------------------------- Customer clicks?[0m
[Test worker] INFO  - ?[92m|------------------------------------------------------------------------------ Customer clicks on BotÃ³n seleccionar vuelo 4?[0m
[Test worker] INFO  - ?[92m|-------------------------------------------------------------------------- Then should see the details of the selected flight?[0m
[Test worker] INFO  - ?[92m|---------------------------------------------------------------------------- Then detalle de vuelo?[0m
[Test worker] INFO  - ?[92m
  _____   ___   ___   _____     ___     _     ___   ___   ___   ___  
 |_   _| | __| / __| |_   _|   | _ \   /_\   / __| / __| | __| |   \ 
   | |   | _|  \__ \   | |     |  _/  / _ \  \__ \ \__ \ | _|  | |) |
   |_|   |___| |___/   |_|     |_|   /_/ \_\ |___/ |___/ |___| |___/ 

Select flight by price criteria
----------------------------------------------------------------------?[0m
[Test worker] INFO  - ?[92m|------------------------------------------------------------------------ 3: Select flight by price criteria ({origin=Philadelphia, destination=Rome, price_criteria=lowest})?[0m
[Test worker] INFO  - ?[92m|-------------------------------------------------------------------------- Given User opens the booking page?[0m
[Test worker] INFO  - ?[92m|---------------------------------------------------------------------------- Customer navigates to Sauce Demo?[0m
[Test worker] INFO  - ?[92m|------------------------------------------------------------------------------ Customer opens the browser at https://blazedemo.com/?[0m
[Test worker] INFO  - ?[92m|-------------------------------------------------------------------------- When searches for flights from "Philadelphia" to "Rome"?[0m
[Test worker] INFO  - ?[92m|---------------------------------------------------------------------------- Customer select dropdown value?[0m
[Test worker] INFO  - ?[92m|------------------------------------------------------------------------------ Customer selects Philadelphia on origin field?[0m
[Test worker] INFO  - ?[92m|---------------------------------------------------------------------------- Customer select dropdown value?[0m
[Test worker] INFO  - ?[92m|------------------------------------------------------------------------------ Customer selects Rome on destination field?[0m
[Test worker] INFO  - ?[92m|---------------------------------------------------------------------------- Customer clicks?[0m
[Test worker] INFO  - ?[92m|------------------------------------------------------------------------------ Customer clicks on find flights button?[0m
[Test worker] INFO  - ?[92m|-------------------------------------------------------------------------- And selects the flight with the "lowest" price?[0m
[Test worker] INFO  - ?[92m|---------------------------------------------------------------------------- Customer clicks?[0m
[Test worker] INFO  - ?[92m|------------------------------------------------------------------------------ Customer clicks on BotÃ³n seleccionar vuelo 3?[0m
[Test worker] INFO  - ?[92m|-------------------------------------------------------------------------- Then should see the details of the selected flight?[0m
[Test worker] INFO  - ?[92m|---------------------------------------------------------------------------- Then detalle de vuelo?[0m
[Test worker] INFO  - ?[92m|------------------------------------------------------------------------ 4: Select flight by price criteria ({origin=Boston, destination=London, price_criteria=highest})?[0m
[Test worker] INFO  - ?[92m|-------------------------------------------------------------------------- Given User opens the booking page?[0m
[Test worker] INFO  - ?[92m|---------------------------------------------------------------------------- Customer navigates to Sauce Demo?[0m
[Test worker] INFO  - ?[92m|------------------------------------------------------------------------------ Customer opens the browser at https://blazedemo.com/?[0m
[Test worker] INFO  - ?[92m|-------------------------------------------------------------------------- When searches for flights from "Boston" to "London"?[0m
[Test worker] INFO  - ?[92m|---------------------------------------------------------------------------- Customer select dropdown value?[0m
[Test worker] INFO  - ?[92m|------------------------------------------------------------------------------ Customer selects Boston on origin field?[0m
[Test worker] INFO  - ?[92m|---------------------------------------------------------------------------- Customer select dropdown value?[0m
[Test worker] INFO  - ?[92m|------------------------------------------------------------------------------ Customer selects London on destination field?[0m
[Test worker] INFO  - ?[92m|---------------------------------------------------------------------------- Customer clicks?[0m
[Test worker] INFO  - ?[92m|------------------------------------------------------------------------------ Customer clicks on find flights button?[0m
[Test worker] INFO  - ?[92m|-------------------------------------------------------------------------- And selects the flight with the "highest" price?[0m
[Test worker] INFO  - ?[92m|---------------------------------------------------------------------------- Customer clicks?[0m
[Test worker] INFO  - ?[92m|------------------------------------------------------------------------------ Customer clicks on BotÃ³n seleccionar vuelo 4?[0m
[Test worker] INFO  - ?[92m|-------------------------------------------------------------------------- Then should see the details of the selected flight?[0m
[Test worker] INFO  - ?[92m|---------------------------------------------------------------------------- Then detalle de vuelo?[0m
[Test worker] INFO  - ?[92m|------------------------------------------------------------------------ 5: Select flight by price criteria ({origin=Mexico City, destination=Berlin, price_criteria=lowest})?[0m
[Test worker] INFO  - ?[92m|-------------------------------------------------------------------------- Given User opens the booking page?[0m
[Test worker] INFO  - ?[92m|---------------------------------------------------------------------------- Customer navigates to Sauce Demo?[0m
[Test worker] INFO  - ?[92m|------------------------------------------------------------------------------ Customer opens the browser at https://blazedemo.com/?[0m
[Test worker] INFO  - ?[92m|-------------------------------------------------------------------------- When searches for flights from "Mexico City" to "Berlin"?[0m
[Test worker] INFO  - ?[92m|---------------------------------------------------------------------------- Customer select dropdown value?[0m
[Test worker] INFO  - ?[92m|------------------------------------------------------------------------------ Customer selects Mexico City on origin field?[0m
[Test worker] INFO  - ?[92m|---------------------------------------------------------------------------- Customer select dropdown value?[0m
[Test worker] INFO  - ?[92m|------------------------------------------------------------------------------ Customer selects Berlin on destination field?[0m
[Test worker] INFO  - ?[92m|---------------------------------------------------------------------------- Customer clicks?[0m
[Test worker] INFO  - ?[92m|------------------------------------------------------------------------------ Customer clicks on find flights button?[0m
[Test worker] INFO  - ?[92m|-------------------------------------------------------------------------- And selects the flight with the "lowest" price?[0m
[Test worker] INFO  - ?[92m|---------------------------------------------------------------------------- Customer clicks?[0m
[Test worker] INFO  - ?[92m|------------------------------------------------------------------------------ Customer clicks on BotÃ³n seleccionar vuelo 3?[0m
[Test worker] INFO  - ?[92m|-------------------------------------------------------------------------- Then should see the details of the selected flight?[0m
[Test worker] INFO  - ?[92m|---------------------------------------------------------------------------- Then detalle de vuelo?[0m
[Test worker] INFO  - ?[92m|------------------------------------------------------------------------ 6: Select flight by price criteria ({origin=Sao Paolo, destination=Dublin, price_criteria=highest})?[0m
[Test worker] INFO  - ?[92m|-------------------------------------------------------------------------- Given User opens the booking page?[0m
[Test worker] INFO  - ?[92m|---------------------------------------------------------------------------- Customer navigates to Sauce Demo?[0m
[Test worker] INFO  - ?[92m|------------------------------------------------------------------------------ Customer opens the browser at https://blazedemo.com/?[0m
[Test worker] INFO  - ?[92m|-------------------------------------------------------------------------- When searches for flights from "Sao Paolo" to "Dublin"?[0m
[Test worker] INFO  - ?[92m|---------------------------------------------------------------------------- Customer select dropdown value?[0m
[Test worker] INFO  - ?[92m|------------------------------------------------------------------------------ Customer selects Sao Paolo on origin field?[0m
[Test worker] INFO  - ?[91mSTEP ERROR: org.openqa.selenium.NoSuchElementException: Cannot locate option with text: Sao Paolo
For documentation on this error, please visit: https://www.selenium.dev/documentation/webdriver/troubleshooting/errors#no-such-element-exception
Build info: version: '4.16.1', revision: '9b4c83354e'
System info: os.name: 'Windows 11', os.arch: 'amd64', os.version: '10.0', java.version: '17.0.12'
Driver info: driver.version: unknown?[0m
[Test worker] INFO  - ?[92m|-------------------------------------------------------------------------------- Customer select dropdown value?[0m
[Test worker] INFO  - ?[33m      -> STEP IGNORED?[0m
[Test worker] INFO  - ?[92m|-------------------------------------------------------------------------------- Customer clicks?[0m
[Test worker] INFO  - ?[33m      -> STEP IGNORED?[0m
[Test worker] INFO  - ?[91mSTEP ERROR: org.openqa.selenium.NoSuchElementException: Cannot locate option with text: Sao Paolo
For documentation on this error, please visit: https://www.selenium.dev/documentation/webdriver/troubleshooting/errors#no-such-element-exception
Build info: version: '4.16.1', revision: '9b4c83354e'
System info: os.name: 'Windows 11', os.arch: 'amd64', os.version: '10.0', java.version: '17.0.12'
Driver info: driver.version: unknown
For documentation on this error, please visit: https://www.selenium.dev/documentation/webdriver/troubleshooting/errors#no-such-element-exception
Build info: version: '4.16.1', revision: '9b4c83354e'
System info: os.name: 'Windows 11', os.arch: 'amd64', os.version: '10.0', java.version: '17.0.12'
Driver info: driver.version: unknown?[0m
[Test worker] INFO  - ?[92m|-------------------------------------------------------------------------------- And selects the flight with the "highest" price?[0m
[Test worker] INFO  - ?[33m      -> STEP IGNORED?[0m
[Test worker] INFO  - ?[92m|-------------------------------------------------------------------------------- Then should see the details of the selected flight?[0m
[Test worker] INFO  - ?[33m      -> STEP IGNORED?[0m
[Test worker] INFO  - ?[91mSTEP ERROR: org.openqa.selenium.NoSuchElementException: Cannot locate option with text: Sao Paolo
For documentation on this error, please visit: https://www.selenium.dev/documentation/webdriver/troubleshooting/errors#no-such-element-exception
Build info: version: '4.16.1', revision: '9b4c83354e'
System info: os.name: 'Windows 11', os.arch: 'amd64', os.version: '10.0', java.version: '17.0.12'
Driver info: driver.version: unknown
For documentation on this error, please visit: https://www.selenium.dev/documentation/webdriver/troubleshooting/errors#no-such-element-exception
Build info: version: '4.16.1', revision: '9b4c83354e'
System info: os.name: 'Windows 11', os.arch: 'amd64', os.version: '10.0', java.version: '17.0.12'
Driver info: driver.version: unknown?[0m
]]></system-err>
</testsuite>
