<?xml version="1.0" encoding="UTF-8" standalone="no"?><testsuite errors="1" failures="9" name="Book Flight" skipped="0" tests="15" time="3.9" timestamp="2025-11-22 04:35:16"><testcase name="Complete purchase with valid data"/><testcase name="Validate required fields in purchase form"><error message="&#10;Expected: is &lt;true&gt;&#10;     but: was &lt;false&gt;" type="java.lang.AssertionError">
Expected: is &lt;true&gt;
     but: was &lt;false&gt;</error><system-err>
Expected: is &lt;true&gt;
     but: was &lt;false&gt;&#13;
co.udea.edu.certification.moduloTest.stepdefinitions.blazeDemoSteps.BlazeDemoStep.shouldSeeTheMessageOfConfirmationPurchase(BlazeDemoStep.java:105)&#13;
worker.org.gradle.process.internal.worker.GradleWorkerMain.run(GradleWorkerMain.java:69)&#13;
worker.org.gradle.process.internal.worker.GradleWorkerMain.main(GradleWorkerMain.java:74)&#13;
</system-err></testcase></testsuite>